{"logTime": "1204/151349", "correlationVector":"fOEfMwYVy0T76rC761JUT2","action":"Commit Request", "result":"", "context":Item count: 1
Contributing types: Sessions}
{"logTime": "1204/151350", "correlationVector":"fOEfMwYVy0T76rC761JUT2.1","action":"SyncServerConnectionManagerRequest", "result":"SYNC_SERVER_OK", "context":{"environment":"Prod_SoutheastAsia_000j", "migrationStage":"NotStarted", "server":"GENERAL0100001B"}}
{"logTime": "1204/151350", "correlationVector":"fOEfMwYVy0T76rC761JUT2.2","action":"Commit Response", "result":"SYNCER_OK", "context":Result: SYNCER_OK. cV=fOEfMwYVy0T76rC761JUT2.0;server=GENERAL0100001B;cloudType=Consumer;environment=Prod_SoutheastAsia_000j;migrationStage=NotStarted}
{"logTime": "1204/151357", "correlationVector":"MdB27rbVTmIv0vsV/rc0tH","action":"Normal GetUpdate request", "result":"", "context":cV=MdB27rbVTmIv0vsV/rc0tH
Notified types: Passwords}
{"logTime": "1204/151357", "correlationVector":"MdB27rbVTmIv0vsV/rc0tH.1","action":"SyncServerConnectionManagerRequest", "result":"SYNC_SERVER_OK", "context":{"environment":"Prod_SoutheastAsia_000j", "migrationStage":"NotStarted", "server":"GENERAL0100000S"}}
{"logTime": "1204/151357", "correlationVector":"MdB27rbVTmIv0vsV/rc0tH.2","action":"GetUpdates", "result":"DeleteReceived", "context":{"id":"35535ec0-2fa3-4acf-98ed-f577db7ad5ea", "isDeleted:":"true", "version":"1701702775901"}}
{"logTime": "1204/151357", "correlationVector":"MdB27rbVTmIv0vsV/rc0tH.3","action":"GetUpdates Response", "result":"SYNCER_OK", "context":Received 15 update(s). cV=MdB27rbVTmIv0vsV/rc0tH.0;server=GENERAL0100000S;cloudType=Consumer;environment=Prod_SoutheastAsia_000j;migrationStage=NotStarted}
{"logTime": "1204/151358", "correlationVector":"NbXcPudy9WpFYtKfQbtQf9","action":"Normal GetUpdate request", "result":"", "context":cV=NbXcPudy9WpFYtKfQbtQf9
Notified types: Preferences, Autofill, Typed URLs}
{"logTime": "1204/151358", "correlationVector":"NbXcPudy9WpFYtKfQbtQf9.1","action":"SyncServerConnectionManagerRequest", "result":"SYNC_SERVER_OK", "context":{"environment":"Prod_SoutheastAsia_000j", "migrationStage":"NotStarted", "server":"GENERAL0100000L"}}
{"logTime": "1204/151358", "correlationVector":"NbXcPudy9WpFYtKfQbtQf9.2","action":"GetUpdates Response", "result":"SYNCER_OK", "context":Received 10 update(s). cV=NbXcPudy9WpFYtKfQbtQf9.0;server=GENERAL0100000L;cloudType=Consumer;environment=Prod_SoutheastAsia_000j;migrationStage=NotStarted}
{"logTime": "1204/151359", "correlationVector":"O6wea4LOLIXa9ob3VDpio3","action":"Normal GetUpdate request", "result":"", "context":cV=O6wea4LOLIXa9ob3VDpio3
Nudged types: Preferences, Passwords
Notified types: Passwords}
{"logTime": "1204/151359", "correlationVector":"O6wea4LOLIXa9ob3VDpio3.1","action":"SyncServerConnectionManagerRequest", "result":"SYNC_SERVER_OK", "context":{"environment":"Prod_SoutheastAsia_000j", "migrationStage":"NotStarted", "server":"GENERAL0100000Y"}}
{"logTime": "1204/151359", "correlationVector":"O6wea4LOLIXa9ob3VDpio3.2","action":"GetUpdates", "result":"DeleteReceived", "context":{"id":"4fe96209-0d07-45f3-9d4d-021707963ea2", "isDeleted:":"true", "version":"1701702837794"}}
{"logTime": "1204/151359", "correlationVector":"O6wea4LOLIXa9ob3VDpio3.3","action":"GetUpdates", "result":"DeleteReceived", "context":{"id":"da78a748-f3e5-4166-9ef6-94a0e2a1496a", "isDeleted:":"true", "version":"1701702837795"}}
{"logTime": "1204/151359", "correlationVector":"O6wea4LOLIXa9ob3VDpio3.4","action":"GetUpdates", "result":"DeleteReceived", "context":{"id":"2c6ca6a3-281e-4ddf-9151-00fcb55be46a", "isDeleted:":"true", "version":"1701702837796"}}
{"logTime": "1204/151359", "correlationVector":"O6wea4LOLIXa9ob3VDpio3.5","action":"GetUpdates", "result":"DeleteReceived", "context":{"id":"d3d7121e-6e68-4284-8e20-7dcca218f1cd", "isDeleted:":"true", "version":"1701702837797"}}
{"logTime": "1204/151359", "correlationVector":"O6wea4LOLIXa9ob3VDpio3.6","action":"GetUpdates", "result":"DeleteReceived", "context":{"id":"ed9e9b9f-343d-4024-8b6f-409b15ad0e7e", "isDeleted:":"true", "version":"1701702837798"}}
{"logTime": "1204/151359", "correlationVector":"O6wea4LOLIXa9ob3VDpio3.7","action":"GetUpdates", "result":"DeleteReceived", "context":{"id":"b0cb1a61-fd77-4b15-9a60-44a474c534fc", "isDeleted:":"true", "version":"1701702837799"}}
{"logTime": "1204/151359", "correlationVector":"O6wea4LOLIXa9ob3VDpio3.8","action":"GetUpdates Response", "result":"SYNCER_OK", "context":Received 8 update(s). cV=O6wea4LOLIXa9ob3VDpio3.0;server=GENERAL0100000Y;cloudType=Consumer;environment=Prod_SoutheastAsia_000j;migrationStage=NotStarted}
{"logTime": "1204/151359", "correlationVector":"CDYzYSEzPdiu1LjnXAlhZD","action":"Commit Request", "result":"", "context":Item count: 1
Contributing types: Preferences}
{"logTime": "1204/151400", "correlationVector":"CDYzYSEzPdiu1LjnXAlhZD.1","action":"SyncServerConnectionManagerRequest", "result":"SYNC_SERVER_OK", "context":{"environment":"Prod_SoutheastAsia_000j", "migrationStage":"NotStarted", "server":"GENERAL01000002"}}
{"logTime": "1204/151400", "correlationVector":"CDYzYSEzPdiu1LjnXAlhZD.2","action":"Commit Response", "result":"SYNCER_OK", "context":Result: SYNCER_OK. cV=CDYzYSEzPdiu1LjnXAlhZD.0;server=GENERAL01000002;cloudType=Consumer;environment=Prod_SoutheastAsia_000j;migrationStage=NotStarted}
{"logTime": "1204/152001", "correlationVector":"1Ii7rfEKk5bPSp88XluRVb","action":"Commit Request", "result":"", "context":Item count: 1
Contributing types: Sessions}
{"logTime": "1204/152002", "correlationVector":"1Ii7rfEKk5bPSp88XluRVb.1","action":"SyncServerConnectionManagerRequest", "result":"SYNC_SERVER_OK", "context":{"environment":"Prod_SoutheastAsia_000j", "migrationStage":"NotStarted", "server":"GENERAL01000014"}}
{"logTime": "1204/152002", "correlationVector":"1Ii7rfEKk5bPSp88XluRVb.2","action":"Commit Response", "result":"SYNCER_OK", "context":Result: SYNCER_OK. cV=1Ii7rfEKk5bPSp88XluRVb.0;server=GENERAL01000014;cloudType=Consumer;environment=Prod_SoutheastAsia_000j;migrationStage=NotStarted}
{"logTime": "1204/152350", "correlationVector":"w3UH6FH/KctJkf5D1FCllu","action":"Normal GetUpdate request", "result":"", "context":cV=w3UH6FH/KctJkf5D1FCllu
Notified types: Passwords}
{"logTime": "1204/152351", "correlationVector":"w3UH6FH/KctJkf5D1FCllu.1","action":"SyncServerConnectionManagerRequest", "result":"SYNC_SERVER_OK", "context":{"environment":"Prod_SoutheastAsia_000j", "migrationStage":"NotStarted", "server":"GENERAL0100000R"}}
{"logTime": "1204/152351", "correlationVector":"w3UH6FH/KctJkf5D1FCllu.2","action":"GetUpdates", "result":"DeleteReceived", "context":{"id":"5857f658-ae5f-4143-8f22-f635280ce8e0", "isDeleted:":"true", "version":"1701703072459"}}
{"logTime": "1204/152351", "correlationVector":"w3UH6FH/KctJkf5D1FCllu.3","action":"GetUpdates", "result":"DeleteReceived", "context":{"id":"97290def-017b-4168-b965-4e1978999bbb", "isDeleted:":"true", "version":"1701703309461"}}
{"logTime": "1204/152351", "correlationVector":"w3UH6FH/KctJkf5D1FCllu.4","action":"GetUpdates Response", "result":"SYNCER_OK", "context":Received 15 update(s). cV=w3UH6FH/KctJkf5D1FCllu.0;server=GENERAL0100000R;cloudType=Consumer;environment=Prod_SoutheastAsia_000j;migrationStage=NotStarted}
{"logTime": "1204/152351", "correlationVector":"wIyqCLZ4gCnGHq2oFC37lv","action":"Normal GetUpdate request", "result":"", "context":cV=wIyqCLZ4gCnGHq2oFC37lv
Notified types: Autofill, Typed URLs}
{"logTime": "1204/152351", "correlationVector":"wIyqCLZ4gCnGHq2oFC37lv.1","action":"SyncServerConnectionManagerRequest", "result":"SYNC_SERVER_OK", "context":{"environment":"Prod_SoutheastAsia_000j", "migrationStage":"NotStarted", "server":"GENERAL0100001E"}}
{"logTime": "1204/152351", "correlationVector":"wIyqCLZ4gCnGHq2oFC37lv.2","action":"GetUpdates Response", "result":"SYNCER_OK", "context":Received 1 update(s). cV=wIyqCLZ4gCnGHq2oFC37lv.0;server=GENERAL0100001E;cloudType=Consumer;environment=Prod_SoutheastAsia_000j;migrationStage=NotStarted}
{"logTime": "1204/152352", "correlationVector":"e8CIBuZYET657K1vxBOhmk","action":"Commit Request", "result":"", "context":Item count: 1
Contributing types: Passwords}
{"logTime": "1204/152353", "correlationVector":"e8CIBuZYET657K1vxBOhmk.1","action":"SyncServerConnectionManagerRequest", "result":"SYNC_SERVER_OK", "context":{"environment":"Prod_SoutheastAsia_000j", "migrationStage":"NotStarted", "server":"GENERAL01000001"}}
{"logTime": "1204/152353", "correlationVector":"e8CIBuZYET657K1vxBOhmk.2","action":"Commit Response", "result":"SYNCER_OK", "context":Result: SYNCER_OK. cV=e8CIBuZYET657K1vxBOhmk.0;server=GENERAL01000001;cloudType=Consumer;environment=Prod_SoutheastAsia_000j;migrationStage=NotStarted}
{"logTime": "1204/152353", "correlationVector":"eDhxBhilFWdaJ8pqeBikZ/","action":"Commit Request", "result":"", "context":Item count: 1
Contributing types: Preferences}
{"logTime": "1204/152354", "correlationVector":"eDhxBhilFWdaJ8pqeBikZ/.1","action":"SyncServerConnectionManagerRequest", "result":"SYNC_SERVER_OK", "context":{"environment":"Prod_SoutheastAsia_000j", "migrationStage":"NotStarted", "server":"GENERAL01000013"}}
{"logTime": "1204/152354", "correlationVector":"eDhxBhilFWdaJ8pqeBikZ/.3","action":"Commit.Preferences", "result":"Conflict", "context":{"id":"b7e1d618-d55e-4699-9edf-85698b90ba29", "isDeleted":"false", "size":"68", "version":"1701702839173"}}
{"logTime": "1204/152354", "correlationVector":"eDhxBhilFWdaJ8pqeBikZ/.2","action":"Commit Response", "result":"SYNCER_OK", "context":Result: SYNCER_OK. cV=eDhxBhilFWdaJ8pqeBikZ/.0;server=GENERAL01000013;cloudType=Consumer;environment=Prod_SoutheastAsia_000j;migrationStage=NotStarted}
{"logTime": "1204/152355", "correlationVector":"gxZmYUvPt9/rUZUAWVZu7H","action":"Normal GetUpdate request", "result":"", "context":cV=gxZmYUvPt9/rUZUAWVZu7H
Nudged types: Preferences, Passwords
Notified types: Preferences}
{"logTime": "1204/152355", "correlationVector":"gxZmYUvPt9/rUZUAWVZu7H.1","action":"SyncServerConnectionManagerRequest", "result":"SYNC_SERVER_OK", "context":{"environment":"Prod_SoutheastAsia_000j", "migrationStage":"NotStarted", "server":"GENERAL0100000T"}}
{"logTime": "1204/152355", "correlationVector":"gxZmYUvPt9/rUZUAWVZu7H.2","action":"GetUpdates Response", "result":"SYNCER_OK", "context":Received 4 update(s). cV=gxZmYUvPt9/rUZUAWVZu7H.0;server=GENERAL0100000T;cloudType=Consumer;environment=Prod_SoutheastAsia_000j;migrationStage=NotStarted}
{"logTime": "1204/152356", "correlationVector":"yeIxiMDDFggDj09EbuvbnH","action":"Normal GetUpdate request", "result":"", "context":cV=yeIxiMDDFggDj09EbuvbnH
Notified types: Autofill}
{"logTime": "1204/152356", "correlationVector":"yeIxiMDDFggDj09EbuvbnH.1","action":"SyncServerConnectionManagerRequest", "result":"SYNC_SERVER_OK", "context":{"environment":"Prod_SoutheastAsia_000j", "migrationStage":"NotStarted", "server":"GENERAL0100000O"}}
{"logTime": "1204/152356", "correlationVector":"yeIxiMDDFggDj09EbuvbnH.2","action":"GetUpdates Response", "result":"SYNCER_OK", "context":Received 0 update(s). cV=yeIxiMDDFggDj09EbuvbnH.0;server=GENERAL0100000O;cloudType=Consumer;environment=Prod_SoutheastAsia_000j;migrationStage=NotStarted}
{"logTime": "1204/152357", "correlationVector":"0R3a40n8apLKy7HcTT4Waq","action":"Normal GetUpdate request", "result":"", "context":cV=0R3a40n8apLKy7HcTT4Waq
Notified types: Passwords}
{"logTime": "1204/152358", "correlationVector":"0R3a40n8apLKy7HcTT4Waq.1","action":"SyncServerConnectionManagerRequest", "result":"SYNC_SERVER_OK", "context":{"environment":"Prod_SoutheastAsia_000j", "migrationStage":"NotStarted", "server":"GENERAL01000000"}}
{"logTime": "1204/152358", "correlationVector":"0R3a40n8apLKy7HcTT4Waq.2","action":"GetUpdates Response", "result":"SYNCER_OK", "context":Received 5 update(s). cV=0R3a40n8apLKy7HcTT4Waq.0;server=GENERAL01000000;cloudType=Consumer;environment=Prod_SoutheastAsia_000j;migrationStage=NotStarted}
{"logTime": "1204/152358", "correlationVector":"9kEYIWOLjMAJiwXHPPpMvJ","action":"Normal GetUpdate request", "result":"", "context":cV=9kEYIWOLjMAJiwXHPPpMvJ
Notified types: Preferences}
{"logTime": "1204/152359", "correlationVector":"9kEYIWOLjMAJiwXHPPpMvJ.1","action":"SyncServerConnectionManagerRequest", "result":"SYNC_SERVER_OK", "context":{"environment":"Prod_SoutheastAsia_000j", "migrationStage":"NotStarted", "server":"GENERAL0100000O"}}
{"logTime": "1204/152359", "correlationVector":"9kEYIWOLjMAJiwXHPPpMvJ.2","action":"GetUpdates Response", "result":"SYNCER_OK", "context":Received 1 update(s). cV=9kEYIWOLjMAJiwXHPPpMvJ.0;server=GENERAL0100000O;cloudType=Consumer;environment=Prod_SoutheastAsia_000j;migrationStage=NotStarted}
{"logTime": "1204/152400", "correlationVector":"JCdIHCMDpkTKmwG1lQsRRS","action":"Normal GetUpdate request", "result":"", "context":cV=JCdIHCMDpkTKmwG1lQsRRS
Nudged types: Preferences, Passwords
Notified types: Passwords}
{"logTime": "1204/152400", "correlationVector":"JCdIHCMDpkTKmwG1lQsRRS.1","action":"SyncServerConnectionManagerRequest", "result":"SYNC_SERVER_OK", "context":{"environment":"Prod_SoutheastAsia_000j", "migrationStage":"NotStarted", "server":"GENERAL01000000"}}
{"logTime": "1204/152400", "correlationVector":"JCdIHCMDpkTKmwG1lQsRRS.2","action":"GetUpdates Response", "result":"SYNCER_OK", "context":Received 0 update(s). cV=JCdIHCMDpkTKmwG1lQsRRS.0;server=GENERAL01000000;cloudType=Consumer;environment=Prod_SoutheastAsia_000j;migrationStage=NotStarted}
{"logTime": "1204/152400", "correlationVector":"py9WYKmxRe4b+/mI+V6Y7o","action":"Commit Request", "result":"", "context":Item count: 1
Contributing types: Passwords}
{"logTime": "1204/152401", "correlationVector":"py9WYKmxRe4b+/mI+V6Y7o.1","action":"SyncServerConnectionManagerRequest", "result":"SYNC_SERVER_OK", "context":{"environment":"Prod_SoutheastAsia_000j", "migrationStage":"NotStarted", "server":"GENERAL0100000J"}}
{"logTime": "1204/152401", "correlationVector":"py9WYKmxRe4b+/mI+V6Y7o.2","action":"Commit Response", "result":"SYNCER_OK", "context":Result: SYNCER_OK. cV=py9WYKmxRe4b+/mI+V6Y7o.0;server=GENERAL0100000J;cloudType=Consumer;environment=Prod_SoutheastAsia_000j;migrationStage=NotStarted}
{"logTime": "1204/152401", "correlationVector":"mJmnfn7KFZQ1Bu4QGpWRtp","action":"Commit Request", "result":"", "context":Item count: 1
Contributing types: Preferences}
{"logTime": "1204/152402", "correlationVector":"mJmnfn7KFZQ1Bu4QGpWRtp.1","action":"SyncServerConnectionManagerRequest", "result":"SYNC_SERVER_OK", "context":{"environment":"Prod_SoutheastAsia_000j", "migrationStage":"NotStarted", "server":"GENERAL01000009"}}
{"logTime": "1204/152402", "correlationVector":"mJmnfn7KFZQ1Bu4QGpWRtp.2","action":"Commit Response", "result":"SYNCER_OK", "context":Result: SYNCER_OK. cV=mJmnfn7KFZQ1Bu4QGpWRtp.0;server=GENERAL01000009;cloudType=Consumer;environment=Prod_SoutheastAsia_000j;migrationStage=NotStarted}
{"logTime": "1204/152507", "correlationVector":"OYMHWM0jU/ylT+faCFXmuB","action":"Normal GetUpdate request", "result":"", "context":cV=OYMHWM0jU/ylT+faCFXmuB
Notified types: Typed URLs}
{"logTime": "1204/152507", "correlationVector":"OYMHWM0jU/ylT+faCFXmuB.1","action":"SyncServerConnectionManagerRequest", "result":"SYNC_SERVER_OK", "context":{"environment":"Prod_SoutheastAsia_000j", "migrationStage":"NotStarted", "server":"GENERAL0100000B"}}
{"logTime": "1204/152507", "correlationVector":"OYMHWM0jU/ylT+faCFXmuB.2","action":"GetUpdates Response", "result":"SYNCER_OK", "context":Received 9 update(s). cV=OYMHWM0jU/ylT+faCFXmuB.0;server=GENERAL0100000B;cloudType=Consumer;environment=Prod_SoutheastAsia_000j;migrationStage=NotStarted}
{"logTime": "1205/092931", "correlationVector":"qHv/A4wZdrffHLfWmtBprK.0","action":"FeedSettingFetch_homeCloud", "result":"0", "context":{}}
{"logTime": "1205/092931", "correlationVector":"31T88492fMzg8izd1e9Ul/.1","action":"SyncServerConnectionManagerRequest", "result":"SYNC_SERVER_OK", "context":{"environment":"Prod_SoutheastAsia_000j", "migrationStage":"NotStarted", "server":"GENERAL0100001F"}}
{"logTime": "1205/092931", "correlationVector":"31T88492fMzg8izd1e9Ul/","action":"Initial GetUpdates", "result":"", "context":Reason: NEW_CLIENT. cV=31T88492fMzg8izd1e9Ul/}
{"logTime": "1205/092931", "correlationVector":"31T88492fMzg8izd1e9Ul/.2","action":"GetUpdates Response", "result":"SYNCER_OK", "context":Received 1 update(s). cV=31T88492fMzg8izd1e9Ul/.0;server=GENERAL0100001F;cloudType=Consumer;environment=Prod_SoutheastAsia_000j;migrationStage=NotStarted}
{"logTime": "1205/092931", "correlationVector":"roxS03x3tF0debSDy7Kv6Z","action":"SyncServerConnectionManagerRequest", "result":"SYNC_SERVER_OK", "context":{"environment":"", "migrationStage":"", "server":""}}
{"logTime": "1205/092931", "correlationVector":"GvoHxNRzkmM1e6FYxdfcO3","action":"Initial GetUpdates", "result":"", "context":Reason: NEWLY_SUPPORTED_DATATYPE. cV=GvoHxNRzkmM1e6FYxdfcO3}
{"logTime": "1205/092931", "correlationVector":"GvoHxNRzkmM1e6FYxdfcO3.1","action":"SyncServerConnectionManagerRequest", "result":"SYNC_SERVER_OK", "context":{"environment":"Prod_SoutheastAsia_000j", "migrationStage":"NotStarted", "server":"GENERAL01000018"}}
{"logTime": "1205/092931", "correlationVector":"GvoHxNRzkmM1e6FYxdfcO3.2","action":"GetUpdates", "result":"DeleteReceived", "context":{"id":"89055da0-7cc8-4899-bda2-e0404e34a508", "isDeleted:":"true", "version":"1685962504928"}}
{"logTime": "1205/092931", "correlationVector":"GvoHxNRzkmM1e6FYxdfcO3.3","action":"GetUpdates", "result":"DeleteReceived", "context":{"id":"83c99573-51f0-4ec4-88e7-8b5fda4e5936", "isDeleted:":"true", "version":"1685962510997"}}
{"logTime": "1205/092931", "correlationVector":"GvoHxNRzkmM1e6FYxdfcO3.4","action":"GetUpdates", "result":"DeleteReceived", "context":{"id":"713bc88a-d39b-47c8-93f6-a848878211db", "isDeleted:":"true", "version":"1691349280869"}}
{"logTime": "1205/092931", "correlationVector":"GvoHxNRzkmM1e6FYxdfcO3.5","action":"GetUpdates", "result":"DeleteReceived", "context":{"id":"97aee258-6e32-449a-836f-b7696a1a7cd5", "isDeleted:":"true", "version":"1694196642678"}}
{"logTime": "1205/092931", "correlationVector":"GvoHxNRzkmM1e6FYxdfcO3.6","action":"GetUpdates", "result":"DeleteReceived", "context":{"id":"b45178ee-523d-4b4b-ae8b-3e4a11c619ab", "isDeleted:":"true", "version":"1694196642680"}}
{"logTime": "1205/092931", "correlationVector":"GvoHxNRzkmM1e6FYxdfcO3.7","action":"GetUpdates", "result":"DeleteReceived", "context":{"id":"a1fb1869-8ecf-4641-a0b5-02d1e87ab309", "isDeleted:":"true", "version":"1695277741099"}}
{"logTime": "1205/092931", "correlationVector":"GvoHxNRzkmM1e6FYxdfcO3.8","action":"GetUpdates", "result":"DeleteReceived", "context":{"id":"376e4565-164c-4c62-ac6a-55f0e96352b2", "isDeleted:":"true", "version":"1696686679735"}}
{"logTime": "1205/092931", "correlationVector":"GvoHxNRzkmM1e6FYxdfcO3.9","action":"GetUpdates", "result":"DeleteReceived", "context":{"id":"d566112a-a2fa-420b-a513-d9390b1688e1", "isDeleted:":"true", "version":"1696686719003"}}
{"logTime": "1205/092931", "correlationVector":"GvoHxNRzkmM1e6FYxdfcO3.10","action":"GetUpdates", "result":"DeleteReceived", "context":{"id":"6018d7a6-2c4d-4b93-bbcd-176c2206722d", "isDeleted:":"true", "version":"1696686846048"}}
{"logTime": "1205/092931", "correlationVector":"GvoHxNRzkmM1e6FYxdfcO3.11","action":"GetUpdates", "result":"DeleteReceived", "context":{"id":"cd642820-2515-4bc6-a4ef-3826361a88a1", "isDeleted:":"true", "version":"1699893863176"}}
{"logTime": "1205/092931", "correlationVector":"GvoHxNRzkmM1e6FYxdfcO3.12","action":"GetUpdates", "result":"DeleteReceived", "context":{"id":"af603ecd-dbec-4839-8cf1-66afa22e8512", "isDeleted:":"true", "version":"1699893892543"}}
{"logTime": "1205/092931", "correlationVector":"GvoHxNRzkmM1e6FYxdfcO3.13","action":"GetUpdates", "result":"DeleteReceived", "context":{"id":"d0686a56-2ff8-483d-a63f-ab941dab57b5", "isDeleted:":"true", "version":"1699894013159"}}
{"logTime": "1205/092931", "correlationVector":"GvoHxNRzkmM1e6FYxdfcO3.14","action":"GetUpdates Response", "result":"SYNCER_OK", "context":Received 52 update(s). cV=GvoHxNRzkmM1e6FYxdfcO3.0;server=GENERAL01000018;cloudType=Consumer;environment=Prod_SoutheastAsia_000j;migrationStage=NotStarted}
{"logTime": "1205/092931", "correlationVector":"mS2ZBzsLi4tzJvAzazVYtX","action":"Normal GetUpdate request", "result":"", "context":cV=mS2ZBzsLi4tzJvAzazVYtX
Nudged types: Sessions, Device Info, User Consents
Refresh requested types: Bookmarks, Preferences, Passwords, Autofill Profiles, Autofill, Autofill Custom Data, Typed URLs, Extensions, Sessions, Extension settings, History Delete Directives, Device Info, User Consents, Send Tab To Self, Web Apps, Collection, Edge E Drop, Edge Hub App Usage, Edge Wallet, Encryption Keys}
{"logTime": "1205/092932", "correlationVector":"mS2ZBzsLi4tzJvAzazVYtX.1","action":"SyncServerConnectionManagerRequest", "result":"SYNC_SERVER_OK", "context":{"environment":"Prod_SoutheastAsia_000j", "migrationStage":"NotStarted", "server":"GENERAL01000004"}}
{"logTime": "1205/092932", "correlationVector":"mS2ZBzsLi4tzJvAzazVYtX.2","action":"GetUpdates", "result":"DeleteReceived", "context":{"id":"2650d01e-270e-443c-8de6-8edcae83e384", "isDeleted:":"true", "version":"1701703535984"}}
{"logTime": "1205/092932", "correlationVector":"mS2ZBzsLi4tzJvAzazVYtX.3","action":"GetUpdates", "result":"DeleteReceived", "context":{"id":"9de6216f-8092-47be-882a-cb025ca86f65", "isDeleted:":"true", "version":"1701704005067"}}
{"logTime": "1205/092932", "correlationVector":"mS2ZBzsLi4tzJvAzazVYtX.4","action":"GetUpdates", "result":"DeleteReceived", "context":{"id":"1d79fe50-4cae-4982-ab7b-b4e5533201de", "isDeleted:":"true", "version":"1701704402408"}}
{"logTime": "1205/092932", "correlationVector":"mS2ZBzsLi4tzJvAzazVYtX.5","action":"GetUpdates", "result":"DeleteReceived", "context":{"id":"ce0b8d0e-857e-4200-adf9-40a8b890f177", "isDeleted:":"true", "version":"1701704499444"}}
{"logTime": "1205/092932", "correlationVector":"mS2ZBzsLi4tzJvAzazVYtX.6","action":"GetUpdates", "result":"DeleteReceived", "context":{"id":"8ee97d78-9097-4ebe-b8a7-b28747804ae7", "isDeleted:":"true", "version":"1701704499445"}}
{"logTime": "1205/092932", "correlationVector":"mS2ZBzsLi4tzJvAzazVYtX.7","action":"GetUpdates", "result":"DeleteReceived", "context":{"id":"1cd0ca69-8872-447a-8511-04c4558c5664", "isDeleted:":"true", "version":"1701704499446"}}
{"logTime": "1205/092932", "correlationVector":"mS2ZBzsLi4tzJvAzazVYtX.8","action":"GetUpdates", "result":"DeleteReceived", "context":{"id":"fa8209ce-a1ef-45e5-8f9d-2f058d5d2290", "isDeleted:":"true", "version":"1701704771917"}}
{"logTime": "1205/092932", "correlationVector":"mS2ZBzsLi4tzJvAzazVYtX.9","action":"GetUpdates", "result":"DeleteReceived", "context":{"id":"68cbcf5d-b64c-42ab-b04a-d7ec37b7937c", "isDeleted:":"true", "version":"1701704897930"}}
{"logTime": "1205/092932", "correlationVector":"mS2ZBzsLi4tzJvAzazVYtX.10","action":"GetUpdates", "result":"DeleteReceived", "context":{"id":"85f32ceb-22d7-4134-8c2a-b01e8cfa9f03", "isDeleted:":"true", "version":"1701704897931"}}
{"logTime": "1205/092932", "correlationVector":"mS2ZBzsLi4tzJvAzazVYtX.11","action":"GetUpdates", "result":"DeleteReceived", "context":{"id":"af038bf1-6ff9-4956-802d-6cc543ac0a50", "isDeleted:":"true", "version":"1701704990920"}}
{"logTime": "1205/092932", "correlationVector":"mS2ZBzsLi4tzJvAzazVYtX.12","action":"GetUpdates", "result":"DeleteReceived", "context":{"id":"cd9af1d3-63cb-4905-85bb-5b615aac1d3e", "isDeleted:":"true", "version":"1701704990924"}}
{"logTime": "1205/092932", "correlationVector":"mS2ZBzsLi4tzJvAzazVYtX.13","action":"GetUpdates", "result":"DeleteReceived", "context":{"id":"1cd789d2-b301-407e-b8c7-452973e32d24", "isDeleted:":"true", "version":"1701705469671"}}
{"logTime": "1205/092932", "correlationVector":"mS2ZBzsLi4tzJvAzazVYtX.14","action":"GetUpdates", "result":"DeleteReceived", "context":{"id":"55b2c0ee-71ac-4b94-89b2-83c3ca500d81", "isDeleted:":"true", "version":"1701705563935"}}
{"logTime": "1205/092932", "correlationVector":"mS2ZBzsLi4tzJvAzazVYtX.15","action":"GetUpdates", "result":"DeleteReceived", "context":{"id":"a991010c-bf5d-4568-af3c-57d715581ba4", "isDeleted:":"true", "version":"1701705688930"}}
{"logTime": "1205/092932", "correlationVector":"mS2ZBzsLi4tzJvAzazVYtX.16","action":"GetUpdates", "result":"DeleteReceived", "context":{"id":"e11cb8e0-a30e-484b-b6fb-ed6c12ce24bb", "isDeleted:":"true", "version":"1701705811770"}}
{"logTime": "1205/092932", "correlationVector":"mS2ZBzsLi4tzJvAzazVYtX.17","action":"GetUpdates", "result":"DeleteReceived", "context":{"id":"f0d9dae9-a837-4b78-ac12-02bccfec590c", "isDeleted:":"true", "version":"1701705856940"}}
{"logTime": "1205/092932", "correlationVector":"mS2ZBzsLi4tzJvAzazVYtX.18","action":"GetUpdates", "result":"DeleteReceived", "context":{"id":"591c85b0-4974-4fa8-9225-63733864d8ff", "isDeleted:":"true", "version":"1701706040963"}}
{"logTime": "1205/092932", "correlationVector":"mS2ZBzsLi4tzJvAzazVYtX.19","action":"GetUpdates", "result":"DeleteReceived", "context":{"id":"58eaa41e-3e5f-4cb5-b4ce-f5e3e7ab71d3", "isDeleted:":"true", "version":"1701706230961"}}
{"logTime": "1205/092932", "correlationVector":"mS2ZBzsLi4tzJvAzazVYtX.20","action":"GetUpdates", "result":"DeleteReceived", "context":{"id":"f8c9cdea-15a3-4c50-a086-ca526a007210", "isDeleted:":"true", "version":"1701706262159"}}
{"logTime": "1205/092932", "correlationVector":"mS2ZBzsLi4tzJvAzazVYtX.21","action":"GetUpdates", "result":"DeleteReceived", "context":{"id":"50a38b09-3f10-4b77-ad78-b5ebb5a3047f", "isDeleted:":"true", "version":"1701706477031"}}
{"logTime": "1205/092932", "correlationVector":"mS2ZBzsLi4tzJvAzazVYtX.22","action":"GetUpdates", "result":"DeleteReceived", "context":{"id":"b49ec515-cb60-4426-a4f9-f065cc3c19d6", "isDeleted:":"true", "version":"1701706538941"}}
{"logTime": "1205/092932", "correlationVector":"mS2ZBzsLi4tzJvAzazVYtX.23","action":"GetUpdates", "result":"DeleteReceived", "context":{"id":"43f0d294-0685-4949-a9e0-21232a8fcd15", "isDeleted:":"true", "version":"1701706600467"}}
{"logTime": "1205/092932", "correlationVector":"mS2ZBzsLi4tzJvAzazVYtX.24","action":"GetUpdates", "result":"DeleteReceived", "context":{"id":"9d5f7d58-053d-4e64-b666-ffffc54dd487", "isDeleted:":"true", "version":"1701706632187"}}
{"logTime": "1205/092932", "correlationVector":"mS2ZBzsLi4tzJvAzazVYtX.25","action":"GetUpdates", "result":"DeleteReceived", "context":{"id":"8ed648c2-88b0-425a-8e7b-d6803165113f", "isDeleted:":"true", "version":"1701706783928"}}
{"logTime": "1205/092932", "correlationVector":"mS2ZBzsLi4tzJvAzazVYtX.26","action":"GetUpdates", "result":"DeleteReceived", "context":{"id":"49ef9b20-e9fa-447d-9d7b-8ebb091bcdcd", "isDeleted:":"true", "version":"1701707064965"}}
{"logTime": "1205/092932", "correlationVector":"mS2ZBzsLi4tzJvAzazVYtX.27","action":"GetUpdates", "result":"DeleteReceived", "context":{"id":"c10b78e9-6e69-4c0d-adca-95dcb09da76d", "isDeleted:":"true", "version":"1701707528964"}}
{"logTime": "1205/092933", "correlationVector":"mS2ZBzsLi4tzJvAzazVYtX.28","action":"GetUpdates", "result":"DeleteReceived", "context":{"id":"0f6ce569-f942-485f-99ee-4dabce967189", "isDeleted:":"true", "version":"1701708095257"}}
{"logTime": "1205/092933", "correlationVector":"mS2ZBzsLi4tzJvAzazVYtX.29","action":"GetUpdates", "result":"DeleteReceived", "context":{"id":"6333fb29-9831-484d-ac1e-b6a5b15c20b8", "isDeleted:":"true", "version":"1701711063082"}}
{"logTime": "1205/092933", "correlationVector":"mS2ZBzsLi4tzJvAzazVYtX.30","action":"GetUpdates", "result":"DeleteReceived", "context":{"id":"412d59fa-6abd-4f84-a47b-d695b11c857c", "isDeleted:":"true", "version":"1701711462471"}}
{"logTime": "1205/092933", "correlationVector":"mS2ZBzsLi4tzJvAzazVYtX.31","action":"GetUpdates", "result":"DeleteReceived", "context":{"id":"9e872cc4-ebed-422d-b1b0-39cc72ae0c36", "isDeleted:":"true", "version":"1701711738102"}}
{"logTime": "1205/092933", "correlationVector":"mS2ZBzsLi4tzJvAzazVYtX.32","action":"GetUpdates", "result":"DeleteReceived", "context":{"id":"88fc1ce8-5c4c-4acd-88ad-f31816ff2218", "isDeleted:":"true", "version":"1701711781395"}}
{"logTime": "1205/092933", "correlationVector":"mS2ZBzsLi4tzJvAzazVYtX.33","action":"GetUpdates", "result":"DeleteReceived", "context":{"id":"fb8bd2eb-2e3d-4964-a757-a33969c24b1f", "isDeleted:":"true", "version":"1701740756208"}}
{"logTime": "1205/092933", "correlationVector":"mS2ZBzsLi4tzJvAzazVYtX.34","action":"GetUpdates", "result":"DeleteReceived", "context":{"id":"a26b14ba-6c52-479c-bb01-6c9d53ac277e", "isDeleted:":"true", "version":"1701740756209"}}
{"logTime": "1205/092933", "correlationVector":"mS2ZBzsLi4tzJvAzazVYtX.35","action":"GetUpdates", "result":"DeleteReceived", "context":{"id":"f48f7a15-8193-41b7-a7ba-e7bb62dba05d", "isDeleted:":"true", "version":"1701740756210"}}
{"logTime": "1205/092933", "correlationVector":"mS2ZBzsLi4tzJvAzazVYtX.36","action":"GetUpdates", "result":"DeleteReceived", "context":{"id":"7a724b7d-a29a-4acd-ade7-de9620fe9995", "isDeleted:":"true", "version":"1701740756212"}}
{"logTime": "1205/092933", "correlationVector":"mS2ZBzsLi4tzJvAzazVYtX.37","action":"GetUpdates", "result":"DeleteReceived", "context":{"id":"e2aee68e-5ac9-47e9-84c7-fc8fa5ce99ea", "isDeleted:":"true", "version":"1701740756213"}}
{"logTime": "1205/092933", "correlationVector":"mS2ZBzsLi4tzJvAzazVYtX.38","action":"GetUpdates", "result":"DeleteReceived", "context":{"id":"fef6a241-4238-408a-8585-0a64ef24f23a", "isDeleted:":"true", "version":"1701740756214"}}
{"logTime": "1205/092933", "correlationVector":"mS2ZBzsLi4tzJvAzazVYtX.39","action":"GetUpdates", "result":"DeleteReceived", "context":{"id":"e7a58c8e-3883-4ca9-8948-98c057b35c30", "isDeleted:":"true", "version":"1701740756215"}}
{"logTime": "1205/092933", "correlationVector":"mS2ZBzsLi4tzJvAzazVYtX.40","action":"GetUpdates", "result":"DeleteReceived", "context":{"id":"f56b1b8c-b6c3-492f-9873-f739ea18dc6b", "isDeleted:":"true", "version":"1701740756216"}}
{"logTime": "1205/092933", "correlationVector":"mS2ZBzsLi4tzJvAzazVYtX.41","action":"GetUpdates", "result":"DeleteReceived", "context":{"id":"c2d4b2a6-511c-49c0-828f-3d3275ac0084", "isDeleted:":"true", "version":"1701740756217"}}
{"logTime": "1205/092933", "correlationVector":"mS2ZBzsLi4tzJvAzazVYtX.42","action":"GetUpdates", "result":"DeleteReceived", "context":{"id":"be98eccd-856c-4e95-9d18-e4b9276827f3", "isDeleted:":"true", "version":"1701740756218"}}
{"logTime": "1205/092933", "correlationVector":"mS2ZBzsLi4tzJvAzazVYtX.43","action":"GetUpdates", "result":"DeleteReceived", "context":{"id":"d1c4c5e3-52b2-41b9-8cf1-8fb7a6d175a1", "isDeleted:":"true", "version":"1701740756219"}}
{"logTime": "1205/092933", "correlationVector":"mS2ZBzsLi4tzJvAzazVYtX.44","action":"GetUpdates", "result":"DeleteReceived", "context":{"id":"284ba762-2daa-441d-9497-f7511aa042fb", "isDeleted:":"true", "version":"1701740756220"}}
{"logTime": "1205/092933", "correlationVector":"mS2ZBzsLi4tzJvAzazVYtX.45","action":"GetUpdates", "result":"DeleteReceived", "context":{"id":"362eea10-1a4b-4b2b-a963-6463fd1a9b01", "isDeleted:":"true", "version":"1701741030499"}}
{"logTime": "1205/092933", "correlationVector":"mS2ZBzsLi4tzJvAzazVYtX.46","action":"GetUpdates", "result":"DeleteReceived", "context":{"id":"453a35e2-1b19-419c-b0f2-9bd81660bb37", "isDeleted:":"true", "version":"1701741126538"}}
{"logTime": "1205/092933", "correlationVector":"mS2ZBzsLi4tzJvAzazVYtX.47","action":"GetUpdates", "result":"DeleteReceived", "context":{"id":"11d6bed5-77e4-45e4-a3ac-faa36967421f", "isDeleted:":"true", "version":"1701755908868"}}
{"logTime": "1205/092933", "correlationVector":"mS2ZBzsLi4tzJvAzazVYtX.48","action":"GetUpdates", "result":"DeleteReceived", "context":{"id":"760705e5-9b89-436f-9fce-45273836c4f7", "isDeleted:":"true", "version":"1701755908870"}}
{"logTime": "1205/092933", "correlationVector":"mS2ZBzsLi4tzJvAzazVYtX.49","action":"GetUpdates", "result":"DeleteReceived", "context":{"id":"ccc83093-904c-42ce-88bc-5e38ce5aeb96", "isDeleted:":"true", "version":"1701757345169"}}
{"logTime": "1205/092933", "correlationVector":"mS2ZBzsLi4tzJvAzazVYtX.50","action":"GetUpdates", "result":"DeleteReceived", "context":{"id":"b94dd372-965b-40a7-8d10-f740ff686e33", "isDeleted:":"true", "version":"1701757345172"}}
{"logTime": "1205/092933", "correlationVector":"mS2ZBzsLi4tzJvAzazVYtX.51","action":"GetUpdates", "result":"DeleteReceived", "context":{"id":"9cf78f4e-7f1e-4271-bc1d-289084832273", "isDeleted:":"true", "version":"1701757345174"}}
{"logTime": "1205/092933", "correlationVector":"mS2ZBzsLi4tzJvAzazVYtX.52","action":"GetUpdates", "result":"DeleteReceived", "context":{"id":"4476c6b0-4a0e-411b-a172-b26375582d3c", "isDeleted:":"true", "version":"1701757345175"}}
{"logTime": "1205/092933", "correlationVector":"mS2ZBzsLi4tzJvAzazVYtX.53","action":"GetUpdates", "result":"DeleteReceived", "context":{"id":"1b0baaa4-b005-49a1-b37a-668f82f0a9a6", "isDeleted:":"true", "version":"1701757635627"}}
{"logTime": "1205/092933", "correlationVector":"mS2ZBzsLi4tzJvAzazVYtX.54","action":"GetUpdates", "result":"DeleteReceived", "context":{"id":"58e82219-3744-432a-a2ae-965dd37f5a6b", "isDeleted:":"true", "version":"1701767133883"}}
{"logTime": "1205/092933", "correlationVector":"mS2ZBzsLi4tzJvAzazVYtX.55","action":"GetUpdates", "result":"DeleteReceived", "context":{"id":"0d166b57-478a-4be5-aafc-d046a8efbfca", "isDeleted:":"true", "version":"1701767133885"}}
{"logTime": "1205/092933", "correlationVector":"mS2ZBzsLi4tzJvAzazVYtX.56","action":"GetUpdates", "result":"DeleteReceived", "context":{"id":"0beed5ca-ce8f-4858-8f9b-ecb6a419f619", "isDeleted:":"true", "version":"1701768164146"}}
{"logTime": "1205/092933", "correlationVector":"mS2ZBzsLi4tzJvAzazVYtX.57","action":"GetUpdates Response", "result":"SYNCER_OK", "context":Received 82 update(s). cV=mS2ZBzsLi4tzJvAzazVYtX.0;server=GENERAL01000004;cloudType=Consumer;environment=Prod_SoutheastAsia_000j;migrationStage=NotStarted}
{"logTime": "1205/092933", "correlationVector":"4Oa0WJ5vHgDZasuItBTI+r","action":"Commit Request", "result":"", "context":Item count: 1
Contributing types: Device Info}
{"logTime": "1205/092933", "correlationVector":"4Oa0WJ5vHgDZasuItBTI+r.1","action":"SyncServerConnectionManagerRequest", "result":"SYNC_SERVER_OK", "context":{"environment":"Prod_SoutheastAsia_000j", "migrationStage":"NotStarted", "server":"GENERAL0100001G"}}
{"logTime": "1205/092933", "correlationVector":"4Oa0WJ5vHgDZasuItBTI+r.2","action":"Commit Response", "result":"SYNCER_OK", "context":Result: SYNCER_OK. cV=4Oa0WJ5vHgDZasuItBTI+r.0;server=GENERAL0100001G;cloudType=Consumer;environment=Prod_SoutheastAsia_000j;migrationStage=NotStarted}
{"logTime": "1205/092933", "correlationVector":"wMBmsdSL9ctgssCCzOY2Ye","action":"Commit Request", "result":"", "context":Item count: 1
Contributing types: User Consents}
{"logTime": "1205/092934", "correlationVector":"wMBmsdSL9ctgssCCzOY2Ye.1","action":"SyncServerConnectionManagerRequest", "result":"SYNC_SERVER_OK", "context":{"environment":"Prod_SoutheastAsia_000j", "migrationStage":"NotStarted", "server":"GENERAL01000006"}}
{"logTime": "1205/092934", "correlationVector":"wMBmsdSL9ctgssCCzOY2Ye.2","action":"Commit Response", "result":"SYNCER_OK", "context":Result: SYNCER_OK. cV=wMBmsdSL9ctgssCCzOY2Ye.0;server=GENERAL01000006;cloudType=Consumer;environment=Prod_SoutheastAsia_000j;migrationStage=NotStarted}
{"logTime": "1205/092934", "correlationVector":"NkMekOtNlAZf5+BfCXmkbh","action":"Poll GetUpdate request", "result":"", "context":cV=NkMekOtNlAZf5+BfCXmkbh}
{"logTime": "1205/092934", "correlationVector":"NkMekOtNlAZf5+BfCXmkbh.1","action":"SyncServerConnectionManagerRequest", "result":"SYNC_SERVER_OK", "context":{"environment":"Prod_SoutheastAsia_000j", "migrationStage":"NotStarted", "server":"GENERAL01000019"}}
{"logTime": "1205/092934", "correlationVector":"NkMekOtNlAZf5+BfCXmkbh.2","action":"GetUpdates Response", "result":"SYNCER_OK", "context":Received 1 update(s). cV=NkMekOtNlAZf5+BfCXmkbh.0;server=GENERAL01000019;cloudType=Consumer;environment=Prod_SoutheastAsia_000j;migrationStage=NotStarted}
{"logTime": "1205/092935", "correlationVector":"HLg/Lx2uIw/jUjlk7CpAlX","action":"Normal GetUpdate request", "result":"", "context":cV=HLg/Lx2uIw/jUjlk7CpAlX
Nudged types: Preferences, Passwords, Device Info}
{"logTime": "1205/092935", "correlationVector":"HLg/Lx2uIw/jUjlk7CpAlX.1","action":"SyncServerConnectionManagerRequest", "result":"SYNC_SERVER_OK", "context":{"environment":"Prod_SoutheastAsia_000j", "migrationStage":"NotStarted", "server":"GENERAL0100001K"}}
{"logTime": "1205/092935", "correlationVector":"HLg/Lx2uIw/jUjlk7CpAlX.2","action":"GetUpdates Response", "result":"SYNCER_OK", "context":Received 3 update(s). cV=HLg/Lx2uIw/jUjlk7CpAlX.0;server=GENERAL0100001K;cloudType=Consumer;environment=Prod_SoutheastAsia_000j;migrationStage=NotStarted}
{"logTime": "1205/092935", "correlationVector":"uf+sCbV5GXygGv6jqGKrCy","action":"Commit Request", "result":"", "context":Item count: 2
Contributing types: Passwords}
{"logTime": "1205/092936", "correlationVector":"uf+sCbV5GXygGv6jqGKrCy.1","action":"SyncServerConnectionManagerRequest", "result":"SYNC_SERVER_OK", "context":{"environment":"Prod_SoutheastAsia_000j", "migrationStage":"NotStarted", "server":"GENERAL01000012"}}
{"logTime": "1205/092936", "correlationVector":"uf+sCbV5GXygGv6jqGKrCy.2","action":"Commit Response", "result":"SYNCER_OK", "context":Result: SYNCER_OK. cV=uf+sCbV5GXygGv6jqGKrCy.0;server=GENERAL01000012;cloudType=Consumer;environment=Prod_SoutheastAsia_000j;migrationStage=NotStarted}
{"logTime": "1205/092936", "correlationVector":"00Pf7EZF+d2d+TOe9oUxva","action":"Commit Request", "result":"", "context":Item count: 3
Contributing types: Preferences, Sessions}
{"logTime": "1205/092937", "correlationVector":"00Pf7EZF+d2d+TOe9oUxva.1","action":"SyncServerConnectionManagerRequest", "result":"SYNC_SERVER_OK", "context":{"environment":"Prod_SoutheastAsia_000j", "migrationStage":"NotStarted", "server":"GENERAL01000000"}}
{"logTime": "1205/092937", "correlationVector":"00Pf7EZF+d2d+TOe9oUxva.2","action":"Commit Response", "result":"SYNCER_OK", "context":Result: SYNCER_OK. cV=00Pf7EZF+d2d+TOe9oUxva.0;server=GENERAL01000000;cloudType=Consumer;environment=Prod_SoutheastAsia_000j;migrationStage=NotStarted}
{"logTime": "1205/092947", "correlationVector":"KEa8NqhFXl+QdMcNGPxL0c","action":"Commit Request", "result":"", "context":Item count: 2
Contributing types: Preferences, Sessions}
{"logTime": "1205/092947", "correlationVector":"KEa8NqhFXl+QdMcNGPxL0c.1","action":"SyncServerConnectionManagerRequest", "result":"SYNC_SERVER_OK", "context":{"environment":"Prod_SoutheastAsia_000j", "migrationStage":"NotStarted", "server":"GENERAL0100000R"}}
{"logTime": "1205/092947", "correlationVector":"KEa8NqhFXl+QdMcNGPxL0c.2","action":"Commit Response", "result":"SYNCER_OK", "context":Result: SYNCER_OK. cV=KEa8NqhFXl+QdMcNGPxL0c.0;server=GENERAL0100000R;cloudType=Consumer;environment=Prod_SoutheastAsia_000j;migrationStage=NotStarted}
{"logTime": "1205/093000", "correlationVector":"GLI2eTlrURKyoXwwh+kKt8","action":"Commit Request", "result":"", "context":Item count: 2
Contributing types: Preferences, Sessions}
{"logTime": "1205/093001", "correlationVector":"GLI2eTlrURKyoXwwh+kKt8.1","action":"SyncServerConnectionManagerRequest", "result":"SYNC_SERVER_OK", "context":{"environment":"Prod_SoutheastAsia_000j", "migrationStage":"NotStarted", "server":"GENERAL01000016"}}
{"logTime": "1205/093001", "correlationVector":"GLI2eTlrURKyoXwwh+kKt8.2","action":"Commit Response", "result":"SYNCER_OK", "context":Result: SYNCER_OK. cV=GLI2eTlrURKyoXwwh+kKt8.0;server=GENERAL01000016;cloudType=Consumer;environment=Prod_SoutheastAsia_000j;migrationStage=NotStarted}
{"logTime": "1205/093003", "correlationVector":"MFwL6VIK4wsjAJRM31g1Nq","action":"Normal GetUpdate request", "result":"", "context":cV=MFwL6VIK4wsjAJRM31g1Nq
Notified types: Typed URLs}
{"logTime": "1205/093004", "correlationVector":"MFwL6VIK4wsjAJRM31g1Nq.1","action":"SyncServerConnectionManagerRequest", "result":"SYNC_SERVER_OK", "context":{"environment":"Prod_SoutheastAsia_000j", "migrationStage":"NotStarted", "server":"GENERAL0100000J"}}
{"logTime": "1205/093004", "correlationVector":"MFwL6VIK4wsjAJRM31g1Nq.2","action":"GetUpdates Response", "result":"SYNCER_OK", "context":Received 13 update(s). cV=MFwL6VIK4wsjAJRM31g1Nq.0;server=GENERAL0100000J;cloudType=Consumer;environment=Prod_SoutheastAsia_000j;migrationStage=NotStarted}
{"logTime": "1205/093024", "correlationVector":"zCtyEw7S1deJF3sNnKS9Qq","action":"Normal GetUpdate request", "result":"", "context":cV=zCtyEw7S1deJF3sNnKS9Qq
Notified types: Autofill Profiles}
{"logTime": "1205/093024", "correlationVector":"zCtyEw7S1deJF3sNnKS9Qq.1","action":"SyncServerConnectionManagerRequest", "result":"SYNC_SERVER_OK", "context":{"environment":"Prod_SoutheastAsia_000j", "migrationStage":"NotStarted", "server":"GENERAL0100001B"}}
{"logTime": "1205/093024", "correlationVector":"zCtyEw7S1deJF3sNnKS9Qq.2","action":"GetUpdates", "result":"DeleteReceived", "context":{"id":"0ad834f6-1712-4947-90bf-f99570a8c86e", "isDeleted:":"true", "version":"1701768621466"}}
{"logTime": "1205/093024", "correlationVector":"zCtyEw7S1deJF3sNnKS9Qq.3","action":"GetUpdates Response", "result":"SYNCER_OK", "context":Received 3 update(s). cV=zCtyEw7S1deJF3sNnKS9Qq.0;server=GENERAL0100001B;cloudType=Consumer;environment=Prod_SoutheastAsia_000j;migrationStage=NotStarted}
{"logTime": "1205/093024", "correlationVector":"tAvWDYulPz7yn03+wCfFNM","action":"Commit Request", "result":"", "context":Item count: 1
Contributing types: Sessions}
{"logTime": "1205/093024", "correlationVector":"tAvWDYulPz7yn03+wCfFNM.1","action":"SyncServerConnectionManagerRequest", "result":"SYNC_SERVER_OK", "context":{"environment":"Prod_SoutheastAsia_000j", "migrationStage":"NotStarted", "server":"GENERAL0100001K"}}
{"logTime": "1205/093024", "correlationVector":"tAvWDYulPz7yn03+wCfFNM.2","action":"Commit Response", "result":"SYNCER_OK", "context":Result: SYNCER_OK. cV=tAvWDYulPz7yn03+wCfFNM.0;server=GENERAL0100001K;cloudType=Consumer;environment=Prod_SoutheastAsia_000j;migrationStage=NotStarted}
{"logTime": "1205/140556", "correlationVector":"bXLa0I0PUWY1MUQhrT1WPe.0","action":"FeedSettingFetch_homeCloud", "result":"0", "context":{}}
{"logTime": "1205/140556", "correlationVector":"H/2KVSJcuJylkYI0me/SeE.1","action":"SyncServerConnectionManagerRequest", "result":"SYNC_SERVER_OK", "context":{"environment":"Prod_SoutheastAsia_000j", "migrationStage":"NotStarted", "server":"GENERAL01000001"}}
{"logTime": "1205/140556", "correlationVector":"H/2KVSJcuJylkYI0me/SeE","action":"Initial GetUpdates", "result":"", "context":Reason: NEW_CLIENT. cV=H/2KVSJcuJylkYI0me/SeE}
{"logTime": "1205/140556", "correlationVector":"H/2KVSJcuJylkYI0me/SeE.2","action":"GetUpdates Response", "result":"SYNCER_OK", "context":Received 1 update(s). cV=H/2KVSJcuJylkYI0me/SeE.0;server=GENERAL01000001;cloudType=Consumer;environment=Prod_SoutheastAsia_000j;migrationStage=NotStarted}
{"logTime": "1205/140556", "correlationVector":"38UksLmO0EhpFjTkKRFfVF","action":"SyncServerConnectionManagerRequest", "result":"SYNC_SERVER_OK", "context":{"environment":"", "migrationStage":"", "server":""}}
{"logTime": "1205/140556", "correlationVector":"tc34JqctZb6YX7BBzxfRVg","action":"Initial GetUpdates", "result":"", "context":Reason: NEWLY_SUPPORTED_DATATYPE. cV=tc34JqctZb6YX7BBzxfRVg}
{"logTime": "1205/140556", "correlationVector":"tc34JqctZb6YX7BBzxfRVg.1","action":"SyncServerConnectionManagerRequest", "result":"SYNC_SERVER_OK", "context":{"environment":"Prod_SoutheastAsia_000j", "migrationStage":"NotStarted", "server":"GENERAL0100001E"}}
{"logTime": "1205/140556", "correlationVector":"tc34JqctZb6YX7BBzxfRVg.2","action":"GetUpdates", "result":"DeleteReceived", "context":{"id":"89055da0-7cc8-4899-bda2-e0404e34a508", "isDeleted:":"true", "version":"1685962504928"}}
{"logTime": "1205/140556", "correlationVector":"tc34JqctZb6YX7BBzxfRVg.3","action":"GetUpdates", "result":"DeleteReceived", "context":{"id":"83c99573-51f0-4ec4-88e7-8b5fda4e5936", "isDeleted:":"true", "version":"1685962510997"}}
{"logTime": "1205/140556", "correlationVector":"tc34JqctZb6YX7BBzxfRVg.4","action":"GetUpdates", "result":"DeleteReceived", "context":{"id":"713bc88a-d39b-47c8-93f6-a848878211db", "isDeleted:":"true", "version":"1691349280869"}}
{"logTime": "1205/140556", "correlationVector":"tc34JqctZb6YX7BBzxfRVg.5","action":"GetUpdates", "result":"DeleteReceived", "context":{"id":"97aee258-6e32-449a-836f-b7696a1a7cd5", "isDeleted:":"true", "version":"1694196642678"}}
{"logTime": "1205/140556", "correlationVector":"tc34JqctZb6YX7BBzxfRVg.6","action":"GetUpdates", "result":"DeleteReceived", "context":{"id":"b45178ee-523d-4b4b-ae8b-3e4a11c619ab", "isDeleted:":"true", "version":"1694196642680"}}
{"logTime": "1205/140556", "correlationVector":"tc34JqctZb6YX7BBzxfRVg.7","action":"GetUpdates", "result":"DeleteReceived", "context":{"id":"a1fb1869-8ecf-4641-a0b5-02d1e87ab309", "isDeleted:":"true", "version":"1695277741099"}}
{"logTime": "1205/140556", "correlationVector":"tc34JqctZb6YX7BBzxfRVg.8","action":"GetUpdates", "result":"DeleteReceived", "context":{"id":"376e4565-164c-4c62-ac6a-55f0e96352b2", "isDeleted:":"true", "version":"1696686679735"}}
{"logTime": "1205/140556", "correlationVector":"tc34JqctZb6YX7BBzxfRVg.9","action":"GetUpdates", "result":"DeleteReceived", "context":{"id":"d566112a-a2fa-420b-a513-d9390b1688e1", "isDeleted:":"true", "version":"1696686719003"}}
{"logTime": "1205/140556", "correlationVector":"tc34JqctZb6YX7BBzxfRVg.10","action":"GetUpdates", "result":"DeleteReceived", "context":{"id":"6018d7a6-2c4d-4b93-bbcd-176c2206722d", "isDeleted:":"true", "version":"1696686846048"}}
{"logTime": "1205/140556", "correlationVector":"tc34JqctZb6YX7BBzxfRVg.11","action":"GetUpdates", "result":"DeleteReceived", "context":{"id":"cd642820-2515-4bc6-a4ef-3826361a88a1", "isDeleted:":"true", "version":"1699893863176"}}
{"logTime": "1205/140556", "correlationVector":"tc34JqctZb6YX7BBzxfRVg.12","action":"GetUpdates", "result":"DeleteReceived", "context":{"id":"af603ecd-dbec-4839-8cf1-66afa22e8512", "isDeleted:":"true", "version":"1699893892543"}}
{"logTime": "1205/140556", "correlationVector":"tc34JqctZb6YX7BBzxfRVg.13","action":"GetUpdates", "result":"DeleteReceived", "context":{"id":"d0686a56-2ff8-483d-a63f-ab941dab57b5", "isDeleted:":"true", "version":"1699894013159"}}
{"logTime": "1205/140556", "correlationVector":"tc34JqctZb6YX7BBzxfRVg.14","action":"GetUpdates Response", "result":"SYNCER_OK", "context":Received 52 update(s). cV=tc34JqctZb6YX7BBzxfRVg.0;server=GENERAL0100001E;cloudType=Consumer;environment=Prod_SoutheastAsia_000j;migrationStage=NotStarted}
{"logTime": "1205/140556", "correlationVector":"UdLiNmgvGKLN5Z0Fzc5cMi","action":"Normal GetUpdate request", "result":"", "context":cV=UdLiNmgvGKLN5Z0Fzc5cMi
Nudged types: Sessions, User Consents
Refresh requested types: Bookmarks, Preferences, Passwords, Autofill Profiles, Autofill, Autofill Custom Data, Typed URLs, Extensions, Sessions, Extension settings, History Delete Directives, Device Info, User Consents, Send Tab To Self, Web Apps, Collection, Edge E Drop, Edge Hub App Usage, Edge Wallet, Encryption Keys}
{"logTime": "1205/140557", "correlationVector":"UdLiNmgvGKLN5Z0Fzc5cMi.1","action":"SyncServerConnectionManagerRequest", "result":"SYNC_SERVER_OK", "context":{"environment":"Prod_SoutheastAsia_000j", "migrationStage":"NotStarted", "server":"GENERAL0100000K"}}
{"logTime": "1205/140557", "correlationVector":"UdLiNmgvGKLN5Z0Fzc5cMi.2","action":"GetUpdates", "result":"DeleteReceived", "context":{"id":"ba3e4d09-1c04-430d-b257-776965d743fe", "isDeleted:":"true", "version":"1701768680768"}}
{"logTime": "1205/140557", "correlationVector":"UdLiNmgvGKLN5Z0Fzc5cMi.3","action":"GetUpdates", "result":"DeleteReceived", "context":{"id":"e8b11417-e460-4800-97b2-7ff77236a189", "isDeleted:":"true", "version":"1701768981769"}}
{"logTime": "1205/140557", "correlationVector":"UdLiNmgvGKLN5Z0Fzc5cMi.4","action":"GetUpdates", "result":"DeleteReceived", "context":{"id":"eebadeca-45a5-4ada-8f13-b4f8548ef112", "isDeleted:":"true", "version":"1701771198194"}}
{"logTime": "1205/140557", "correlationVector":"UdLiNmgvGKLN5Z0Fzc5cMi.5","action":"GetUpdates", "result":"DeleteReceived", "context":{"id":"7281da1e-5f53-458e-80ac-ae3ca341e8ab", "isDeleted:":"true", "version":"1701771413607"}}
{"logTime": "1205/140557", "correlationVector":"UdLiNmgvGKLN5Z0Fzc5cMi.6","action":"GetUpdates", "result":"DeleteReceived", "context":{"id":"19f7f672-bbdf-4c70-ac02-9cf5b4cdd7d0", "isDeleted:":"true", "version":"1701771481154"}}
{"logTime": "1205/140557", "correlationVector":"UdLiNmgvGKLN5Z0Fzc5cMi.7","action":"GetUpdates", "result":"DeleteReceived", "context":{"id":"90e972c0-f13f-4a2f-9316-4fbd1782298c", "isDeleted:":"true", "version":"1701771760670"}}
{"logTime": "1205/140557", "correlationVector":"UdLiNmgvGKLN5Z0Fzc5cMi.8","action":"GetUpdates", "result":"DeleteReceived", "context":{"id":"6cc2485d-be89-4b55-9c3b-61414cd44543", "isDeleted:":"true", "version":"1701772657308"}}
{"logTime": "1205/140557", "correlationVector":"UdLiNmgvGKLN5Z0Fzc5cMi.9","action":"GetUpdates", "result":"DeleteReceived", "context":{"id":"fd6b8f55-c6af-4402-afe3-45528ad3e590", "isDeleted:":"true", "version":"1701772957387"}}
{"logTime": "1205/140557", "correlationVector":"UdLiNmgvGKLN5Z0Fzc5cMi.10","action":"GetUpdates", "result":"DeleteReceived", "context":{"id":"8f3cc8fd-6b03-418e-bc65-9b90c0503bd3", "isDeleted:":"true", "version":"1701772957389"}}
{"logTime": "1205/140558", "correlationVector":"UdLiNmgvGKLN5Z0Fzc5cMi.11","action":"GetUpdates", "result":"DeleteReceived", "context":{"id":"908ca2f4-a92f-4868-b1ba-58aeb0ad250e", "isDeleted:":"true", "version":"1701772957390"}}
{"logTime": "1205/140558", "correlationVector":"UdLiNmgvGKLN5Z0Fzc5cMi.12","action":"GetUpdates", "result":"DeleteReceived", "context":{"id":"9ddd8848-0e96-4f0a-beec-7a7a983ed4ac", "isDeleted:":"true", "version":"1701772957391"}}
{"logTime": "1205/140558", "correlationVector":"UdLiNmgvGKLN5Z0Fzc5cMi.13","action":"GetUpdates", "result":"DeleteReceived", "context":{"id":"82a19ed0-b142-4789-9c47-435938a01f7b", "isDeleted:":"true", "version":"1701772957392"}}
{"logTime": "1205/140558", "correlationVector":"UdLiNmgvGKLN5Z0Fzc5cMi.14","action":"GetUpdates", "result":"DeleteReceived", "context":{"id":"9fb11d47-ad7d-4778-b6be-e7d392e3b976", "isDeleted:":"true", "version":"1701772957393"}}
{"logTime": "1205/140558", "correlationVector":"UdLiNmgvGKLN5Z0Fzc5cMi.15","action":"GetUpdates", "result":"DeleteReceived", "context":{"id":"e5d894a2-46a2-402c-ba82-4a9c039ce92c", "isDeleted:":"true", "version":"1701772957394"}}
{"logTime": "1205/140558", "correlationVector":"UdLiNmgvGKLN5Z0Fzc5cMi.16","action":"GetUpdates", "result":"DeleteReceived", "context":{"id":"7fdd1e60-0d02-4590-b643-943016f490aa", "isDeleted:":"true", "version":"1701772957395"}}
{"logTime": "1205/140558", "correlationVector":"UdLiNmgvGKLN5Z0Fzc5cMi.17","action":"GetUpdates", "result":"DeleteReceived", "context":{"id":"fd68496c-06b8-47c6-8554-5138bfe0cf43", "isDeleted:":"true", "version":"1701784456580"}}
{"logTime": "1205/140558", "correlationVector":"UdLiNmgvGKLN5Z0Fzc5cMi.18","action":"GetUpdates", "result":"DeleteReceived", "context":{"id":"90afcc3b-e26a-4484-9155-112045ae0035", "isDeleted:":"true", "version":"1701785004297"}}
{"logTime": "1205/140558", "correlationVector":"UdLiNmgvGKLN5Z0Fzc5cMi.19","action":"GetUpdates", "result":"DeleteReceived", "context":{"id":"97274760-ceb9-46eb-9f2f-2468927c3219", "isDeleted:":"true", "version":"1701785144828"}}
{"logTime": "1205/140558", "correlationVector":"UdLiNmgvGKLN5Z0Fzc5cMi.20","action":"GetUpdates Response", "result":"SYNCER_OK", "context":Received 30 update(s). cV=UdLiNmgvGKLN5Z0Fzc5cMi.0;server=GENERAL0100000K;cloudType=Consumer;environment=Prod_SoutheastAsia_000j;migrationStage=NotStarted}
{"logTime": "1205/140558", "correlationVector":"KEKTeUnM5nt1e81GomhFml","action":"Commit Request", "result":"", "context":Item count: 1
Contributing types: User Consents}
{"logTime": "1205/140558", "correlationVector":"KEKTeUnM5nt1e81GomhFml.1","action":"SyncServerConnectionManagerRequest", "result":"SYNC_SERVER_OK", "context":{"environment":"Prod_SoutheastAsia_000j", "migrationStage":"NotStarted", "server":"GENERAL0100000L"}}
{"logTime": "1205/140558", "correlationVector":"KEKTeUnM5nt1e81GomhFml.2","action":"Commit Response", "result":"SYNCER_OK", "context":Result: SYNCER_OK. cV=KEKTeUnM5nt1e81GomhFml.0;server=GENERAL0100000L;cloudType=Consumer;environment=Prod_SoutheastAsia_000j;migrationStage=NotStarted}
{"logTime": "1205/140600", "correlationVector":"X4yZ5FYcNIC8H2Xg//CkYX","action":"Normal GetUpdate request", "result":"", "context":cV=X4yZ5FYcNIC8H2Xg//CkYX
Nudged types: Preferences, Sessions}
{"logTime": "1205/140601", "correlationVector":"X4yZ5FYcNIC8H2Xg//CkYX.1","action":"SyncServerConnectionManagerRequest", "result":"SYNC_SERVER_OK", "context":{"environment":"Prod_SoutheastAsia_000j", "migrationStage":"NotStarted", "server":"GENERAL0100000V"}}
{"logTime": "1205/140601", "correlationVector":"X4yZ5FYcNIC8H2Xg//CkYX.2","action":"GetUpdates Response", "result":"SYNCER_OK", "context":Received 0 update(s). cV=X4yZ5FYcNIC8H2Xg//CkYX.0;server=GENERAL0100000V;cloudType=Consumer;environment=Prod_SoutheastAsia_000j;migrationStage=NotStarted}
{"logTime": "1205/140601", "correlationVector":"WjKzBmj9G6e2RF5Gja7q+z","action":"Commit Request", "result":"", "context":Item count: 3
Contributing types: Preferences, Sessions}
{"logTime": "1205/140601", "correlationVector":"WjKzBmj9G6e2RF5Gja7q+z.1","action":"SyncServerConnectionManagerRequest", "result":"SYNC_SERVER_OK", "context":{"environment":"Prod_SoutheastAsia_000j", "migrationStage":"NotStarted", "server":"GENERAL0100000E"}}
{"logTime": "1205/140601", "correlationVector":"WjKzBmj9G6e2RF5Gja7q+z.2","action":"Commit Response", "result":"SYNCER_OK", "context":Result: SYNCER_OK. cV=WjKzBmj9G6e2RF5Gja7q+z.0;server=GENERAL0100000E;cloudType=Consumer;environment=Prod_SoutheastAsia_000j;migrationStage=NotStarted}
{"logTime": "1205/140625", "correlationVector":"wAeuIqw0R4+J9ChdYLEcdm","action":"Commit Request", "result":"", "context":Item count: 1
Contributing types: Preferences}
{"logTime": "1205/140626", "correlationVector":"wAeuIqw0R4+J9ChdYLEcdm.1","action":"SyncServerConnectionManagerRequest", "result":"SYNC_SERVER_OK", "context":{"environment":"Prod_SoutheastAsia_000j", "migrationStage":"NotStarted", "server":"GENERAL0100000S"}}
{"logTime": "1205/140626", "correlationVector":"wAeuIqw0R4+J9ChdYLEcdm.2","action":"Commit Response", "result":"SYNCER_OK", "context":Result: SYNCER_OK. cV=wAeuIqw0R4+J9ChdYLEcdm.0;server=GENERAL0100000S;cloudType=Consumer;environment=Prod_SoutheastAsia_000j;migrationStage=NotStarted}
{"logTime": "1205/140759", "correlationVector":"Klh8BsfImJEtruMEkU/CPE","action":"Commit Request", "result":"", "context":Item count: 1
Contributing types: Sessions}
{"logTime": "1205/140759", "correlationVector":"Klh8BsfImJEtruMEkU/CPE.1","action":"SyncServerConnectionManagerRequest", "result":"SYNC_SERVER_OK", "context":{"environment":"Prod_SoutheastAsia_000j", "migrationStage":"NotStarted", "server":"GENERAL01000009"}}
{"logTime": "1205/140759", "correlationVector":"Klh8BsfImJEtruMEkU/CPE.2","action":"Commit Response", "result":"SYNCER_OK", "context":Result: SYNCER_OK. cV=Klh8BsfImJEtruMEkU/CPE.0;server=GENERAL01000009;cloudType=Consumer;environment=Prod_SoutheastAsia_000j;migrationStage=NotStarted}
{"logTime": "1205/140846", "correlationVector":"c2OFLF4yq5t+ujX5M4aX/f","action":"Commit Request", "result":"", "context":Item count: 1
Contributing types: Sessions}
{"logTime": "1205/140847", "correlationVector":"c2OFLF4yq5t+ujX5M4aX/f.1","action":"SyncServerConnectionManagerRequest", "result":"SYNC_SERVER_OK", "context":{"environment":"Prod_SoutheastAsia_000j", "migrationStage":"NotStarted", "server":"GENERAL0100001I"}}
{"logTime": "1205/140847", "correlationVector":"c2OFLF4yq5t+ujX5M4aX/f.2","action":"Commit Response", "result":"SYNCER_OK", "context":Result: SYNCER_OK. cV=c2OFLF4yq5t+ujX5M4aX/f.0;server=GENERAL0100001I;cloudType=Consumer;environment=Prod_SoutheastAsia_000j;migrationStage=NotStarted}
{"logTime": "1205/140936", "correlationVector":"tNRVSImfnTuwUa3kfPGiNf","action":"Commit Request", "result":"", "context":Item count: 5
Contributing types: Sessions}
{"logTime": "1205/140937", "correlationVector":"tNRVSImfnTuwUa3kfPGiNf.1","action":"SyncServerConnectionManagerRequest", "result":"SYNC_SERVER_OK", "context":{"environment":"Prod_SoutheastAsia_000j", "migrationStage":"NotStarted", "server":"GENERAL01000007"}}
{"logTime": "1205/140937", "correlationVector":"tNRVSImfnTuwUa3kfPGiNf.2","action":"Commit Response", "result":"SYNCER_OK", "context":Result: SYNCER_OK. cV=tNRVSImfnTuwUa3kfPGiNf.0;server=GENERAL01000007;cloudType=Consumer;environment=Prod_SoutheastAsia_000j;migrationStage=NotStarted}
{"logTime": "1205/141029", "correlationVector":"LhPgWrwaqVX9AzBtRRnS9Q","action":"Commit Request", "result":"", "context":Item count: 3
Contributing types: Sessions}
{"logTime": "1205/141029", "correlationVector":"LhPgWrwaqVX9AzBtRRnS9Q.1","action":"SyncServerConnectionManagerRequest", "result":"SYNC_SERVER_OK", "context":{"environment":"Prod_SoutheastAsia_000j", "migrationStage":"NotStarted", "server":"GENERAL0100001C"}}
{"logTime": "1205/141029", "correlationVector":"LhPgWrwaqVX9AzBtRRnS9Q.3","action":"Commit.Sessions", "result":"Success", "context":{"id":"ef6f7c32-e2cb-4ed9-99ae-06c1ef3bf1b2", "isDeleted":"true", "size":"0", "version":"1701785375351"}}
{"logTime": "1205/141029", "correlationVector":"LhPgWrwaqVX9AzBtRRnS9Q.2","action":"Commit Response", "result":"SYNCER_OK", "context":Result: SYNCER_OK. cV=LhPgWrwaqVX9AzBtRRnS9Q.0;server=GENERAL0100001C;cloudType=Consumer;environment=Prod_SoutheastAsia_000j;migrationStage=NotStarted}
{"logTime": "1205/141054", "correlationVector":"N1I0S0q4cUFBdZDFLxcIZK","action":"Normal GetUpdate request", "result":"", "context":cV=N1I0S0q4cUFBdZDFLxcIZK
Nudged types: Sessions
Refresh requested types: Bookmarks, Preferences, Passwords, Autofill Profiles, Autofill, Autofill Custom Data, Typed URLs, Extensions, Sessions, Extension settings, History Delete Directives, Device Info, User Consents, Send Tab To Self, Web Apps, Collection, Edge E Drop, Edge Hub App Usage, Edge Wallet, Encryption Keys}
{"logTime": "1205/141054", "correlationVector":"N1I0S0q4cUFBdZDFLxcIZK.1","action":"SyncServerConnectionManagerRequest", "result":"SYNC_SERVER_OK", "context":{"environment":"Prod_SoutheastAsia_000j", "migrationStage":"NotStarted", "server":"GENERAL0100000H"}}
{"logTime": "1205/141054", "correlationVector":"N1I0S0q4cUFBdZDFLxcIZK.2","action":"GetUpdates", "result":"DeleteReceived", "context":{"id":"ef6f7c32-e2cb-4ed9-99ae-06c1ef3bf1b2", "isDeleted:":"true", "version":"1701785427489"}}
{"logTime": "1205/141054", "correlationVector":"N1I0S0q4cUFBdZDFLxcIZK.3","action":"GetUpdates Response", "result":"SYNCER_OK", "context":Received 8 update(s). cV=N1I0S0q4cUFBdZDFLxcIZK.0;server=GENERAL0100000H;cloudType=Consumer;environment=Prod_SoutheastAsia_000j;migrationStage=NotStarted}
{"logTime": "1205/141054", "correlationVector":"Qc+GLsyba8LeqAOEjwucys","action":"Commit Request", "result":"", "context":Item count: 3
Contributing types: Sessions}
{"logTime": "1205/141055", "correlationVector":"Qc+GLsyba8LeqAOEjwucys.1","action":"SyncServerConnectionManagerRequest", "result":"SYNC_SERVER_OK", "context":{"environment":"Prod_SoutheastAsia_000j", "migrationStage":"NotStarted", "server":"GENERAL0100001H"}}
{"logTime": "1205/141055", "correlationVector":"Qc+GLsyba8LeqAOEjwucys.2","action":"Commit Response", "result":"SYNCER_OK", "context":Result: SYNCER_OK. cV=Qc+GLsyba8LeqAOEjwucys.0;server=GENERAL0100001H;cloudType=Consumer;environment=Prod_SoutheastAsia_000j;migrationStage=NotStarted}
{"logTime": "1205/141125", "correlationVector":"p22DM9BzUdLDIkdrNFrV55","action":"Commit Request", "result":"", "context":Item count: 1
Contributing types: Sessions}
{"logTime": "1205/141125", "correlationVector":"p22DM9BzUdLDIkdrNFrV55.1","action":"SyncServerConnectionManagerRequest", "result":"SYNC_SERVER_OK", "context":{"environment":"Prod_SoutheastAsia_000j", "migrationStage":"NotStarted", "server":"GENERAL0100001D"}}
{"logTime": "1205/141125", "correlationVector":"p22DM9BzUdLDIkdrNFrV55.2","action":"Commit Response", "result":"SYNCER_OK", "context":Result: SYNCER_OK. cV=p22DM9BzUdLDIkdrNFrV55.0;server=GENERAL0100001D;cloudType=Consumer;environment=Prod_SoutheastAsia_000j;migrationStage=NotStarted}
{"logTime": "1205/141203", "correlationVector":"nNh25a/UNH2ncpCc1O81ux","action":"Commit Request", "result":"", "context":Item count: 7
Contributing types: Typed URLs, Sessions}
{"logTime": "1205/141203", "correlationVector":"nNh25a/UNH2ncpCc1O81ux.1","action":"SyncServerConnectionManagerRequest", "result":"SYNC_SERVER_OK", "context":{"environment":"Prod_SoutheastAsia_000j", "migrationStage":"NotStarted", "server":"GENERAL0100000P"}}
{"logTime": "1205/141203", "correlationVector":"nNh25a/UNH2ncpCc1O81ux.2","action":"Commit Response", "result":"SYNCER_OK", "context":Result: SYNCER_OK. cV=nNh25a/UNH2ncpCc1O81ux.0;server=GENERAL0100000P;cloudType=Consumer;environment=Prod_SoutheastAsia_000j;migrationStage=NotStarted}
{"logTime": "1205/141233", "correlationVector":"6FpJ85SmpxzdEpFSE7LxJb","action":"Commit Request", "result":"", "context":Item count: 1
Contributing types: Sessions}
{"logTime": "1205/141234", "correlationVector":"6FpJ85SmpxzdEpFSE7LxJb.1","action":"SyncServerConnectionManagerRequest", "result":"SYNC_SERVER_OK", "context":{"environment":"Prod_SoutheastAsia_000j", "migrationStage":"NotStarted", "server":"GENERAL0100000K"}}
{"logTime": "1205/141234", "correlationVector":"6FpJ85SmpxzdEpFSE7LxJb.2","action":"Commit Response", "result":"SYNCER_OK", "context":Result: SYNCER_OK. cV=6FpJ85SmpxzdEpFSE7LxJb.0;server=GENERAL0100000K;cloudType=Consumer;environment=Prod_SoutheastAsia_000j;migrationStage=NotStarted}
{"logTime": "1205/141314", "correlationVector":"NKqGTCozdM26F0oebylW4S","action":"Commit Request", "result":"", "context":Item count: 5
Contributing types: Sessions}
{"logTime": "1205/141314", "correlationVector":"NKqGTCozdM26F0oebylW4S.1","action":"SyncServerConnectionManagerRequest", "result":"SYNC_SERVER_OK", "context":{"environment":"Prod_SoutheastAsia_000j", "migrationStage":"NotStarted", "server":"GENERAL01000014"}}
{"logTime": "1205/141314", "correlationVector":"NKqGTCozdM26F0oebylW4S.3","action":"Commit.Sessions", "result":"Success", "context":{"id":"356d09f1-f29d-4680-b893-cabc752dc990", "isDeleted":"true", "size":"0", "version":"1701785521664"}}
{"logTime": "1205/141314", "correlationVector":"NKqGTCozdM26F0oebylW4S.2","action":"Commit Response", "result":"SYNCER_OK", "context":Result: SYNCER_OK. cV=NKqGTCozdM26F0oebylW4S.0;server=GENERAL01000014;cloudType=Consumer;environment=Prod_SoutheastAsia_000j;migrationStage=NotStarted}
{"logTime": "1205/141345", "correlationVector":"ADlEGcMZEB2ySi7Ij0o6aj","action":"Commit Request", "result":"", "context":Item count: 3
Contributing types: Sessions}
{"logTime": "1205/141345", "correlationVector":"ADlEGcMZEB2ySi7Ij0o6aj.1","action":"SyncServerConnectionManagerRequest", "result":"SYNC_SERVER_OK", "context":{"environment":"Prod_SoutheastAsia_000j", "migrationStage":"NotStarted", "server":"GENERAL0100000N"}}
{"logTime": "1205/141345", "correlationVector":"ADlEGcMZEB2ySi7Ij0o6aj.2","action":"Commit Response", "result":"SYNCER_OK", "context":Result: SYNCER_OK. cV=ADlEGcMZEB2ySi7Ij0o6aj.0;server=GENERAL0100000N;cloudType=Consumer;environment=Prod_SoutheastAsia_000j;migrationStage=NotStarted}
{"logTime": "1205/141440", "correlationVector":"ZI23cyppYTuxFNANwX6z9r","action":"Normal GetUpdate request", "result":"", "context":cV=ZI23cyppYTuxFNANwX6z9r
Nudged types: Sessions
Notified types: Typed URLs}
{"logTime": "1205/141440", "correlationVector":"ZI23cyppYTuxFNANwX6z9r.1","action":"SyncServerConnectionManagerRequest", "result":"SYNC_SERVER_OK", "context":{"environment":"Prod_SoutheastAsia_000j", "migrationStage":"NotStarted", "server":"GENERAL01000018"}}
{"logTime": "1205/141440", "correlationVector":"ZI23cyppYTuxFNANwX6z9r.2","action":"GetUpdates", "result":"DeleteReceived", "context":{"id":"356d09f1-f29d-4680-b893-cabc752dc990", "isDeleted:":"true", "version":"1701785592483"}}
{"logTime": "1205/141440", "correlationVector":"ZI23cyppYTuxFNANwX6z9r.3","action":"GetUpdates Response", "result":"SYNCER_OK", "context":Received 10 update(s). cV=ZI23cyppYTuxFNANwX6z9r.0;server=GENERAL01000018;cloudType=Consumer;environment=Prod_SoutheastAsia_000j;migrationStage=NotStarted}
{"logTime": "1205/141440", "correlationVector":"kCJRg0WbnUv1V64K46lfWw","action":"Commit Request", "result":"", "context":Item count: 2
Contributing types: Sessions}
{"logTime": "1205/141441", "correlationVector":"kCJRg0WbnUv1V64K46lfWw.1","action":"SyncServerConnectionManagerRequest", "result":"SYNC_SERVER_OK", "context":{"environment":"Prod_SoutheastAsia_000j", "migrationStage":"NotStarted", "server":"GENERAL01000009"}}
{"logTime": "1205/141441", "correlationVector":"kCJRg0WbnUv1V64K46lfWw.2","action":"Commit Response", "result":"SYNCER_OK", "context":Result: SYNCER_OK. cV=kCJRg0WbnUv1V64K46lfWw.0;server=GENERAL01000009;cloudType=Consumer;environment=Prod_SoutheastAsia_000j;migrationStage=NotStarted}
{"logTime": "1205/141511", "correlationVector":"2ppaaFdAxORacwJEpGXx1n","action":"Commit Request", "result":"", "context":Item count: 2
Contributing types: Sessions}
{"logTime": "1205/141512", "correlationVector":"2ppaaFdAxORacwJEpGXx1n.1","action":"SyncServerConnectionManagerRequest", "result":"SYNC_SERVER_OK", "context":{"environment":"Prod_SoutheastAsia_000j", "migrationStage":"NotStarted", "server":"GENERAL0100000O"}}
{"logTime": "1205/141512", "correlationVector":"2ppaaFdAxORacwJEpGXx1n.2","action":"Commit Response", "result":"SYNCER_OK", "context":Result: SYNCER_OK. cV=2ppaaFdAxORacwJEpGXx1n.0;server=GENERAL0100000O;cloudType=Consumer;environment=Prod_SoutheastAsia_000j;migrationStage=NotStarted}
{"logTime": "1205/141601", "correlationVector":"iDER30E3iWXXCMKBHn1v64","action":"Commit Request", "result":"", "context":Item count: 1
Contributing types: Sessions}
{"logTime": "1205/141602", "correlationVector":"iDER30E3iWXXCMKBHn1v64.1","action":"SyncServerConnectionManagerRequest", "result":"SYNC_SERVER_OK", "context":{"environment":"Prod_SoutheastAsia_000j", "migrationStage":"NotStarted", "server":"GENERAL01000011"}}
{"logTime": "1205/141602", "correlationVector":"iDER30E3iWXXCMKBHn1v64.2","action":"Commit Response", "result":"SYNCER_OK", "context":Result: SYNCER_OK. cV=iDER30E3iWXXCMKBHn1v64.0;server=GENERAL01000011;cloudType=Consumer;environment=Prod_SoutheastAsia_000j;migrationStage=NotStarted}
{"logTime": "1205/141647", "correlationVector":"hhRCvyz0Bhf3i0qA3/VSq2","action":"Commit Request", "result":"", "context":Item count: 2
Contributing types: Sessions}
{"logTime": "1205/141648", "correlationVector":"hhRCvyz0Bhf3i0qA3/VSq2.1","action":"SyncServerConnectionManagerRequest", "result":"SYNC_SERVER_OK", "context":{"environment":"Prod_SoutheastAsia_000j", "migrationStage":"NotStarted", "server":"GENERAL01000005"}}
{"logTime": "1205/141648", "correlationVector":"hhRCvyz0Bhf3i0qA3/VSq2.2","action":"Commit Response", "result":"SYNCER_OK", "context":Result: SYNCER_OK. cV=hhRCvyz0Bhf3i0qA3/VSq2.0;server=GENERAL01000005;cloudType=Consumer;environment=Prod_SoutheastAsia_000j;migrationStage=NotStarted}
{"logTime": "1205/141904", "correlationVector":"j6Rb6iEXdz84ix2zOdDNUO","action":"Commit Request", "result":"", "context":Item count: 2
Contributing types: Sessions}
{"logTime": "1205/141905", "correlationVector":"j6Rb6iEXdz84ix2zOdDNUO.1","action":"SyncServerConnectionManagerRequest", "result":"SYNC_SERVER_OK", "context":{"environment":"Prod_SoutheastAsia_000j", "migrationStage":"NotStarted", "server":"GENERAL0100000S"}}
{"logTime": "1205/141905", "correlationVector":"j6Rb6iEXdz84ix2zOdDNUO.2","action":"Commit Response", "result":"SYNCER_OK", "context":Result: SYNCER_OK. cV=j6Rb6iEXdz84ix2zOdDNUO.0;server=GENERAL0100000S;cloudType=Consumer;environment=Prod_SoutheastAsia_000j;migrationStage=NotStarted}
{"logTime": "1205/141938", "correlationVector":"z2MyJGZciCGTmoLnqQd9GG","action":"Commit Request", "result":"", "context":Item count: 1
Contributing types: Sessions}
{"logTime": "1205/141938", "correlationVector":"z2MyJGZciCGTmoLnqQd9GG.1","action":"SyncServerConnectionManagerRequest", "result":"SYNC_SERVER_OK", "context":{"environment":"Prod_SoutheastAsia_000j", "migrationStage":"NotStarted", "server":"GENERAL0100000B"}}
{"logTime": "1205/141938", "correlationVector":"z2MyJGZciCGTmoLnqQd9GG.2","action":"Commit Response", "result":"SYNCER_OK", "context":Result: SYNCER_OK. cV=z2MyJGZciCGTmoLnqQd9GG.0;server=GENERAL0100000B;cloudType=Consumer;environment=Prod_SoutheastAsia_000j;migrationStage=NotStarted}
{"logTime": "1205/142000", "correlationVector":"PBEy9bD54Ip12ogM0YtgYH","action":"Normal GetUpdate request", "result":"", "context":cV=PBEy9bD54Ip12ogM0YtgYH
Nudged types: Sessions
Notified types: Typed URLs}
{"logTime": "1205/142001", "correlationVector":"PBEy9bD54Ip12ogM0YtgYH.1","action":"SyncServerConnectionManagerRequest", "result":"SYNC_SERVER_OK", "context":{"environment":"Prod_SoutheastAsia_000j", "migrationStage":"NotStarted", "server":"GENERAL0100001H"}}
{"logTime": "1205/142001", "correlationVector":"PBEy9bD54Ip12ogM0YtgYH.2","action":"GetUpdates Response", "result":"SYNCER_OK", "context":Received 10 update(s). cV=PBEy9bD54Ip12ogM0YtgYH.0;server=GENERAL0100001H;cloudType=Consumer;environment=Prod_SoutheastAsia_000j;migrationStage=NotStarted}
{"logTime": "1205/142001", "correlationVector":"WBTNZIGlx6eOmTa4pkZFbM","action":"Commit Request", "result":"", "context":Item count: 1
Contributing types: Sessions}
{"logTime": "1205/142001", "correlationVector":"WBTNZIGlx6eOmTa4pkZFbM.1","action":"SyncServerConnectionManagerRequest", "result":"SYNC_SERVER_OK", "context":{"environment":"Prod_SoutheastAsia_000j", "migrationStage":"NotStarted", "server":"GENERAL01000007"}}
{"logTime": "1205/142001", "correlationVector":"WBTNZIGlx6eOmTa4pkZFbM.2","action":"Commit Response", "result":"SYNCER_OK", "context":Result: SYNCER_OK. cV=WBTNZIGlx6eOmTa4pkZFbM.0;server=GENERAL01000007;cloudType=Consumer;environment=Prod_SoutheastAsia_000j;migrationStage=NotStarted}
{"logTime": "1205/142031", "correlationVector":"r6uAFPKj57Sj+tEkHmca2d","action":"Commit Request", "result":"", "context":Item count: 1
Contributing types: Sessions}
{"logTime": "1205/142031", "correlationVector":"r6uAFPKj57Sj+tEkHmca2d.1","action":"SyncServerConnectionManagerRequest", "result":"SYNC_SERVER_OK", "context":{"environment":"Prod_SoutheastAsia_000j", "migrationStage":"NotStarted", "server":"GENERAL0100001D"}}
{"logTime": "1205/142031", "correlationVector":"r6uAFPKj57Sj+tEkHmca2d.2","action":"Commit Response", "result":"SYNCER_OK", "context":Result: SYNCER_OK. cV=r6uAFPKj57Sj+tEkHmca2d.0;server=GENERAL0100001D;cloudType=Consumer;environment=Prod_SoutheastAsia_000j;migrationStage=NotStarted}
{"logTime": "1205/142107", "correlationVector":"UOyE9yBFz56biQC9NrR98R","action":"Commit Request", "result":"", "context":Item count: 1
Contributing types: Sessions}
{"logTime": "1205/142108", "correlationVector":"UOyE9yBFz56biQC9NrR98R.1","action":"SyncServerConnectionManagerRequest", "result":"SYNC_SERVER_OK", "context":{"environment":"Prod_SoutheastAsia_000j", "migrationStage":"NotStarted", "server":"GENERAL0100001E"}}
{"logTime": "1205/142108", "correlationVector":"UOyE9yBFz56biQC9NrR98R.2","action":"Commit Response", "result":"SYNCER_OK", "context":Result: SYNCER_OK. cV=UOyE9yBFz56biQC9NrR98R.0;server=GENERAL0100001E;cloudType=Consumer;environment=Prod_SoutheastAsia_000j;migrationStage=NotStarted}
{"logTime": "1205/142145", "correlationVector":"qhOIkngiT6JY/Cr6KZh2Od","action":"Commit Request", "result":"", "context":Item count: 1
Contributing types: Sessions}
{"logTime": "1205/142145", "correlationVector":"qhOIkngiT6JY/Cr6KZh2Od.1","action":"SyncServerConnectionManagerRequest", "result":"SYNC_SERVER_OK", "context":{"environment":"Prod_SoutheastAsia_000j", "migrationStage":"NotStarted", "server":"GENERAL0100000L"}}
{"logTime": "1205/142145", "correlationVector":"qhOIkngiT6JY/Cr6KZh2Od.2","action":"Commit Response", "result":"SYNCER_OK", "context":Result: SYNCER_OK. cV=qhOIkngiT6JY/Cr6KZh2Od.0;server=GENERAL0100000L;cloudType=Consumer;environment=Prod_SoutheastAsia_000j;migrationStage=NotStarted}
{"logTime": "1205/142225", "correlationVector":"M93EZSUuqqs2bFbz5Efw5Y","action":"Commit Request", "result":"", "context":Item count: 1
Contributing types: Sessions}
{"logTime": "1205/142226", "correlationVector":"M93EZSUuqqs2bFbz5Efw5Y.1","action":"SyncServerConnectionManagerRequest", "result":"SYNC_SERVER_OK", "context":{"environment":"Prod_SoutheastAsia_000j", "migrationStage":"NotStarted", "server":"GENERAL0100000N"}}
{"logTime": "1205/142226", "correlationVector":"M93EZSUuqqs2bFbz5Efw5Y.2","action":"Commit Response", "result":"SYNCER_OK", "context":Result: SYNCER_OK. cV=M93EZSUuqqs2bFbz5Efw5Y.0;server=GENERAL0100000N;cloudType=Consumer;environment=Prod_SoutheastAsia_000j;migrationStage=NotStarted}
{"logTime": "1205/142327", "correlationVector":"cK8SBYVtgqvbmA88hs7N0O","action":"Commit Request", "result":"", "context":Item count: 2
Contributing types: Sessions}
{"logTime": "1205/142328", "correlationVector":"cK8SBYVtgqvbmA88hs7N0O.1","action":"SyncServerConnectionManagerRequest", "result":"SYNC_SERVER_OK", "context":{"environment":"Prod_SoutheastAsia_000j", "migrationStage":"NotStarted", "server":"GENERAL0100000N"}}
{"logTime": "1205/142328", "correlationVector":"cK8SBYVtgqvbmA88hs7N0O.2","action":"Commit Response", "result":"SYNCER_OK", "context":Result: SYNCER_OK. cV=cK8SBYVtgqvbmA88hs7N0O.0;server=GENERAL0100000N;cloudType=Consumer;environment=Prod_SoutheastAsia_000j;migrationStage=NotStarted}
{"logTime": "1205/142824", "correlationVector":"zTMgdNnL1nCXyMdrM24pT/","action":"Commit Request", "result":"", "context":Item count: 2
Contributing types: Sessions}
{"logTime": "1205/142824", "correlationVector":"zTMgdNnL1nCXyMdrM24pT/.1","action":"SyncServerConnectionManagerRequest", "result":"SYNC_SERVER_OK", "context":{"environment":"Prod_SoutheastAsia_000j", "migrationStage":"NotStarted", "server":"GENERAL0100000U"}}
{"logTime": "1205/142824", "correlationVector":"zTMgdNnL1nCXyMdrM24pT/.2","action":"Commit Response", "result":"SYNCER_OK", "context":Result: SYNCER_OK. cV=zTMgdNnL1nCXyMdrM24pT/.0;server=GENERAL0100000U;cloudType=Consumer;environment=Prod_SoutheastAsia_000j;migrationStage=NotStarted}
{"logTime": "1205/142856", "correlationVector":"62BKwfjtp9BReM4zsom10/","action":"Commit Request", "result":"", "context":Item count: 1
Contributing types: Sessions}
{"logTime": "1205/142857", "correlationVector":"62BKwfjtp9BReM4zsom10/.1","action":"SyncServerConnectionManagerRequest", "result":"SYNC_SERVER_OK", "context":{"environment":"Prod_SoutheastAsia_000j", "migrationStage":"NotStarted", "server":"GENERAL01000019"}}
{"logTime": "1205/142857", "correlationVector":"62BKwfjtp9BReM4zsom10/.2","action":"Commit Response", "result":"SYNCER_OK", "context":Result: SYNCER_OK. cV=62BKwfjtp9BReM4zsom10/.0;server=GENERAL01000019;cloudType=Consumer;environment=Prod_SoutheastAsia_000j;migrationStage=NotStarted}
{"logTime": "1205/142931", "correlationVector":"inKFLpZ+YLuZ13IeNEqEUb","action":"Commit Request", "result":"", "context":Item count: 1
Contributing types: Sessions}
{"logTime": "1205/142931", "correlationVector":"inKFLpZ+YLuZ13IeNEqEUb.1","action":"SyncServerConnectionManagerRequest", "result":"SYNC_SERVER_OK", "context":{"environment":"Prod_SoutheastAsia_000j", "migrationStage":"NotStarted", "server":"GENERAL0100001K"}}
{"logTime": "1205/142931", "correlationVector":"inKFLpZ+YLuZ13IeNEqEUb.2","action":"Commit Response", "result":"SYNCER_OK", "context":Result: SYNCER_OK. cV=inKFLpZ+YLuZ13IeNEqEUb.0;server=GENERAL0100001K;cloudType=Consumer;environment=Prod_SoutheastAsia_000j;migrationStage=NotStarted}
{"logTime": "1205/143003", "correlationVector":"empvpxsjkEXcwJxFSyZJxu","action":"Commit Request", "result":"", "context":Item count: 2
Contributing types: Sessions}
{"logTime": "1205/143003", "correlationVector":"empvpxsjkEXcwJxFSyZJxu.1","action":"SyncServerConnectionManagerRequest", "result":"SYNC_SERVER_OK", "context":{"environment":"Prod_SoutheastAsia_000j", "migrationStage":"NotStarted", "server":"GENERAL0100001E"}}
{"logTime": "1205/143003", "correlationVector":"empvpxsjkEXcwJxFSyZJxu.2","action":"Commit Response", "result":"SYNCER_OK", "context":Result: SYNCER_OK. cV=empvpxsjkEXcwJxFSyZJxu.0;server=GENERAL0100001E;cloudType=Consumer;environment=Prod_SoutheastAsia_000j;migrationStage=NotStarted}
{"logTime": "1205/143153", "correlationVector":"+D8Lfijmdl7/QTiPYm+ryt","action":"Commit Request", "result":"", "context":Item count: 2
Contributing types: Sessions}
{"logTime": "1205/143153", "correlationVector":"+D8Lfijmdl7/QTiPYm+ryt.1","action":"SyncServerConnectionManagerRequest", "result":"SYNC_SERVER_OK", "context":{"environment":"Prod_SoutheastAsia_000j", "migrationStage":"NotStarted", "server":"GENERAL0100000A"}}
{"logTime": "1205/143153", "correlationVector":"+D8Lfijmdl7/QTiPYm+ryt.2","action":"Commit Response", "result":"SYNCER_OK", "context":Result: SYNCER_OK. cV=+D8Lfijmdl7/QTiPYm+ryt.0;server=GENERAL0100000A;cloudType=Consumer;environment=Prod_SoutheastAsia_000j;migrationStage=NotStarted}
{"logTime": "1205/143224", "correlationVector":"RFuYnJsjHEC4T04OFkZwAN","action":"Commit Request", "result":"", "context":Item count: 1
Contributing types: Sessions}
{"logTime": "1205/143224", "correlationVector":"RFuYnJsjHEC4T04OFkZwAN.1","action":"SyncServerConnectionManagerRequest", "result":"SYNC_SERVER_OK", "context":{"environment":"Prod_SoutheastAsia_000j", "migrationStage":"NotStarted", "server":"GENERAL01000005"}}
{"logTime": "1205/143224", "correlationVector":"RFuYnJsjHEC4T04OFkZwAN.2","action":"Commit Response", "result":"SYNCER_OK", "context":Result: SYNCER_OK. cV=RFuYnJsjHEC4T04OFkZwAN.0;server=GENERAL01000005;cloudType=Consumer;environment=Prod_SoutheastAsia_000j;migrationStage=NotStarted}
{"logTime": "1205/143459", "correlationVector":"rNyALvTdGf/FEfYFd/IuLy","action":"Commit Request", "result":"", "context":Item count: 1
Contributing types: Sessions}
{"logTime": "1205/143500", "correlationVector":"rNyALvTdGf/FEfYFd/IuLy.1","action":"SyncServerConnectionManagerRequest", "result":"SYNC_SERVER_OK", "context":{"environment":"Prod_SoutheastAsia_000j", "migrationStage":"NotStarted", "server":"GENERAL0100001D"}}
{"logTime": "1205/143500", "correlationVector":"rNyALvTdGf/FEfYFd/IuLy.2","action":"Commit Response", "result":"SYNCER_OK", "context":Result: SYNCER_OK. cV=rNyALvTdGf/FEfYFd/IuLy.0;server=GENERAL0100001D;cloudType=Consumer;environment=Prod_SoutheastAsia_000j;migrationStage=NotStarted}
{"logTime": "1205/143536", "correlationVector":"hr60E8velBSiAxIfAw0xep","action":"Commit Request", "result":"", "context":Item count: 1
Contributing types: Sessions}
{"logTime": "1205/143537", "correlationVector":"hr60E8velBSiAxIfAw0xep.1","action":"SyncServerConnectionManagerRequest", "result":"SYNC_SERVER_OK", "context":{"environment":"Prod_SoutheastAsia_000j", "migrationStage":"NotStarted", "server":"GENERAL01000019"}}
{"logTime": "1205/143537", "correlationVector":"hr60E8velBSiAxIfAw0xep.2","action":"Commit Response", "result":"SYNCER_OK", "context":Result: SYNCER_OK. cV=hr60E8velBSiAxIfAw0xep.0;server=GENERAL01000019;cloudType=Consumer;environment=Prod_SoutheastAsia_000j;migrationStage=NotStarted}
{"logTime": "1205/143628", "correlationVector":"6864aBvuQLV6h8j7n+bNMn","action":"Commit Request", "result":"", "context":Item count: 1
Contributing types: Sessions}
{"logTime": "1205/143628", "correlationVector":"6864aBvuQLV6h8j7n+bNMn.1","action":"SyncServerConnectionManagerRequest", "result":"SYNC_SERVER_OK", "context":{"environment":"Prod_SoutheastAsia_000j", "migrationStage":"NotStarted", "server":"GENERAL01000005"}}
{"logTime": "1205/143628", "correlationVector":"6864aBvuQLV6h8j7n+bNMn.2","action":"Commit Response", "result":"SYNCER_OK", "context":Result: SYNCER_OK. cV=6864aBvuQLV6h8j7n+bNMn.0;server=GENERAL01000005;cloudType=Consumer;environment=Prod_SoutheastAsia_000j;migrationStage=NotStarted}
{"logTime": "1205/144057", "correlationVector":"8lNUlVnKqm+HdDeDhikuds","action":"Commit Request", "result":"", "context":Item count: 1
Contributing types: Sessions}
{"logTime": "1205/144057", "correlationVector":"8lNUlVnKqm+HdDeDhikuds.1","action":"SyncServerConnectionManagerRequest", "result":"SYNC_SERVER_OK", "context":{"environment":"Prod_SoutheastAsia_000j", "migrationStage":"NotStarted", "server":"GENERAL0100001J"}}
{"logTime": "1205/144057", "correlationVector":"8lNUlVnKqm+HdDeDhikuds.2","action":"Commit Response", "result":"SYNCER_OK", "context":Result: SYNCER_OK. cV=8lNUlVnKqm+HdDeDhikuds.0;server=GENERAL0100001J;cloudType=Consumer;environment=Prod_SoutheastAsia_000j;migrationStage=NotStarted}
{"logTime": "1205/144352", "correlationVector":"g23XVxRHeooLfx8s5Rx/JX","action":"Commit Request", "result":"", "context":Item count: 1
Contributing types: Sessions}
{"logTime": "1205/144352", "correlationVector":"g23XVxRHeooLfx8s5Rx/JX.1","action":"SyncServerConnectionManagerRequest", "result":"SYNC_SERVER_OK", "context":{"environment":"Prod_SoutheastAsia_000j", "migrationStage":"NotStarted", "server":"GENERAL0100001J"}}
{"logTime": "1205/144352", "correlationVector":"g23XVxRHeooLfx8s5Rx/JX.2","action":"Commit Response", "result":"SYNCER_OK", "context":Result: SYNCER_OK. cV=g23XVxRHeooLfx8s5Rx/JX.0;server=GENERAL0100001J;cloudType=Consumer;environment=Prod_SoutheastAsia_000j;migrationStage=NotStarted}
{"logTime": "1205/144604", "correlationVector":"EUjIgrnhN1IGwLLMRfkFbl","action":"Commit Request", "result":"", "context":Item count: 1
Contributing types: Sessions}
{"logTime": "1205/144604", "correlationVector":"EUjIgrnhN1IGwLLMRfkFbl.1","action":"SyncServerConnectionManagerRequest", "result":"SYNC_SERVER_OK", "context":{"environment":"Prod_SoutheastAsia_000j", "migrationStage":"NotStarted", "server":"GENERAL01000010"}}
{"logTime": "1205/144604", "correlationVector":"EUjIgrnhN1IGwLLMRfkFbl.2","action":"Commit Response", "result":"SYNCER_OK", "context":Result: SYNCER_OK. cV=EUjIgrnhN1IGwLLMRfkFbl.0;server=GENERAL01000010;cloudType=Consumer;environment=Prod_SoutheastAsia_000j;migrationStage=NotStarted}
{"logTime": "1205/144846", "correlationVector":"JYPi46BTBWrns+DbRx+xPo","action":"Commit Request", "result":"", "context":Item count: 1
Contributing types: Sessions}
{"logTime": "1205/144846", "correlationVector":"JYPi46BTBWrns+DbRx+xPo.1","action":"SyncServerConnectionManagerRequest", "result":"SYNC_SERVER_OK", "context":{"environment":"Prod_SoutheastAsia_000j", "migrationStage":"NotStarted", "server":"GENERAL01000010"}}
{"logTime": "1205/144846", "correlationVector":"JYPi46BTBWrns+DbRx+xPo.2","action":"Commit Response", "result":"SYNCER_OK", "context":Result: SYNCER_OK. cV=JYPi46BTBWrns+DbRx+xPo.0;server=GENERAL01000010;cloudType=Consumer;environment=Prod_SoutheastAsia_000j;migrationStage=NotStarted}
{"logTime": "1205/144859", "correlationVector":"SMC4PSxy/lPhNfyfvtHJUS","action":"Commit Request", "result":"", "context":Item count: 1
Contributing types: Preferences}
{"logTime": "1205/144859", "correlationVector":"SMC4PSxy/lPhNfyfvtHJUS.1","action":"SyncServerConnectionManagerRequest", "result":"SYNC_SERVER_OK", "context":{"environment":"Prod_SoutheastAsia_000j", "migrationStage":"NotStarted", "server":"GENERAL01000016"}}
{"logTime": "1205/144859", "correlationVector":"SMC4PSxy/lPhNfyfvtHJUS.2","action":"Commit Response", "result":"SYNCER_OK", "context":Result: SYNCER_OK. cV=SMC4PSxy/lPhNfyfvtHJUS.0;server=GENERAL01000016;cloudType=Consumer;environment=Prod_SoutheastAsia_000j;migrationStage=NotStarted}
{"logTime": "1205/144929", "correlationVector":"BZRmmdGfCZr3b89v/my2aK","action":"Commit Request", "result":"", "context":Item count: 6
Contributing types: Sessions}
{"logTime": "1205/144930", "correlationVector":"BZRmmdGfCZr3b89v/my2aK.1","action":"SyncServerConnectionManagerRequest", "result":"SYNC_SERVER_OK", "context":{"environment":"Prod_SoutheastAsia_000j", "migrationStage":"NotStarted", "server":"GENERAL0100000H"}}
{"logTime": "1205/144930", "correlationVector":"BZRmmdGfCZr3b89v/my2aK.2","action":"Commit Response", "result":"SYNCER_OK", "context":Result: SYNCER_OK. cV=BZRmmdGfCZr3b89v/my2aK.0;server=GENERAL0100000H;cloudType=Consumer;environment=Prod_SoutheastAsia_000j;migrationStage=NotStarted}
{"logTime": "1205/145000", "correlationVector":"FsjhN0B4++hSYZ/TzNus+G","action":"Commit Request", "result":"", "context":Item count: 2
Contributing types: Sessions}
{"logTime": "1205/145000", "correlationVector":"FsjhN0B4++hSYZ/TzNus+G.1","action":"SyncServerConnectionManagerRequest", "result":"SYNC_SERVER_OK", "context":{"environment":"Prod_SoutheastAsia_000j", "migrationStage":"NotStarted", "server":"GENERAL01000011"}}
{"logTime": "1205/145000", "correlationVector":"FsjhN0B4++hSYZ/TzNus+G.3","action":"Commit.Sessions", "result":"Success", "context":{"id":"4b3acbf7-289f-49e9-ad93-f2ff4fbff572", "isDeleted":"true", "size":"0", "version":"1701787768003"}}
{"logTime": "1205/145000", "correlationVector":"FsjhN0B4++hSYZ/TzNus+G.2","action":"Commit Response", "result":"SYNCER_OK", "context":Result: SYNCER_OK. cV=FsjhN0B4++hSYZ/TzNus+G.0;server=GENERAL01000011;cloudType=Consumer;environment=Prod_SoutheastAsia_000j;migrationStage=NotStarted}
{"logTime": "1205/145225", "correlationVector":"0ECC0Wcz/quE7Wg83nTEit","action":"Normal GetUpdate request", "result":"", "context":cV=0ECC0Wcz/quE7Wg83nTEit
Notified types: Autofill, Typed URLs}
{"logTime": "1205/145226", "correlationVector":"0ECC0Wcz/quE7Wg83nTEit.1","action":"SyncServerConnectionManagerRequest", "result":"SYNC_SERVER_OK", "context":{"environment":"Prod_SoutheastAsia_000j", "migrationStage":"NotStarted", "server":"GENERAL01000017"}}
{"logTime": "1205/145226", "correlationVector":"0ECC0Wcz/quE7Wg83nTEit.2","action":"GetUpdates", "result":"DeleteReceived", "context":{"id":"e07d7cbc-84e0-4847-aab1-3ef7eab025b4", "isDeleted:":"true", "version":"1701786031635"}}
{"logTime": "1205/145226", "correlationVector":"0ECC0Wcz/quE7Wg83nTEit.3","action":"GetUpdates", "result":"DeleteReceived", "context":{"id":"64e1e6d9-be83-4ed2-9767-53d55ea2421b", "isDeleted:":"true", "version":"1701786031637"}}
{"logTime": "1205/145226", "correlationVector":"0ECC0Wcz/quE7Wg83nTEit.4","action":"GetUpdates", "result":"DeleteReceived", "context":{"id":"0b3a8b7a-b883-45a6-be64-35ddb9fa1c63", "isDeleted:":"true", "version":"1701787120081"}}
{"logTime": "1205/145226", "correlationVector":"0ECC0Wcz/quE7Wg83nTEit.5","action":"GetUpdates", "result":"DeleteReceived", "context":{"id":"4b3acbf7-289f-49e9-ad93-f2ff4fbff572", "isDeleted:":"true", "version":"1701787798522"}}
{"logTime": "1205/145226", "correlationVector":"0ECC0Wcz/quE7Wg83nTEit.6","action":"GetUpdates", "result":"DeleteReceived", "context":{"id":"f0a24e7a-0eca-4c7f-999f-f9416993f6ea", "isDeleted:":"true", "version":"1701787917568"}}
{"logTime": "1205/145226", "correlationVector":"0ECC0Wcz/quE7Wg83nTEit.7","action":"GetUpdates Response", "result":"SYNCER_OK", "context":Received 19 update(s). cV=0ECC0Wcz/quE7Wg83nTEit.0;server=GENERAL01000017;cloudType=Consumer;environment=Prod_SoutheastAsia_000j;migrationStage=NotStarted}
{"logTime": "1205/145357", "correlationVector":"3aUVmR6h1alM1inzTJ8jYP","action":"Commit Request", "result":"", "context":Item count: 2
Contributing types: Sessions}
{"logTime": "1205/145358", "correlationVector":"3aUVmR6h1alM1inzTJ8jYP.1","action":"SyncServerConnectionManagerRequest", "result":"SYNC_SERVER_OK", "context":{"environment":"Prod_SoutheastAsia_000j", "migrationStage":"NotStarted", "server":"GENERAL01000018"}}
{"logTime": "1205/145358", "correlationVector":"3aUVmR6h1alM1inzTJ8jYP.2","action":"Commit Response", "result":"SYNCER_OK", "context":Result: SYNCER_OK. cV=3aUVmR6h1alM1inzTJ8jYP.0;server=GENERAL01000018;cloudType=Consumer;environment=Prod_SoutheastAsia_000j;migrationStage=NotStarted}
